   1               		.file	"nrk_watchdog.c"
   2               	__SREG__ = 0x3f
   3               	__SP_H__ = 0x3e
   4               	__SP_L__ = 0x3d
   5               	__CCP__  = 0x34
   6               	__tmp_reg__ = 0
   7               	__zero_reg__ = 1
  15               	.Ltext0:
  16               	.global	nrk_watchdog_check
  18               	nrk_watchdog_check:
  19               	.LFB5:
  20               	.LM1:
  21               	/* prologue: function */
  22               	/* frame size = 0 */
  23               	.LM2:
  24 0000 04B6      		in __tmp_reg__,84-32
  25 0002 03FE      		sbrs __tmp_reg__,3
  26 0004 00C0      		rjmp .L2
  27 0006 8FEF      		ldi r24,lo8(-1)
  28 0008 0895      		ret
  29               	.L2:
  30 000a 81E0      		ldi r24,lo8(1)
  31               	.LM3:
  32 000c 0895      		ret
  33               	.LFE5:
  35               	.global	nrk_watchdog_reset
  37               	nrk_watchdog_reset:
  38               	.LFB6:
  39               	.LM4:
  40               	/* prologue: function */
  41               	/* frame size = 0 */
  42               	.LM5:
  43               	/* #APP */
  44               	 ;  64 "../../../src/kernel/hal/atmega128/nrk_watchdog.c" 1
  45 000e A895      		wdr
  46               	 ;  0 "" 2
  47               	/* epilogue start */
  48               	.LM6:
  49               	/* #NOAPP */
  50 0010 0895      		ret
  51               	.LFE6:
  53               	.global	nrk_watchdog_enable
  55               	nrk_watchdog_enable:
  56               	.LFB4:
  57               	.LM7:
  58               	/* prologue: function */
  59               	/* frame size = 0 */
  60               	.LM8:
  61 0012 0E94 0000 		call nrk_int_disable
  62               	.LM9:
  63 0016 84B7      		in r24,84-32
  64 0018 877F      		andi r24,lo8(-9)
  65 001a 84BF      		out 84-32,r24
  66               	.LBB6:
  67               	.LBB7:
  68               	.LM10:
  69               	/* #APP */
  70               	 ;  64 "../../../src/kernel/hal/atmega128/nrk_watchdog.c" 1
  71 001c A895      		wdr
  72               	 ;  0 "" 2
  73               	/* #NOAPP */
  74               	.LBE7:
  75               	.LBE6:
  76               	.LM11:
  77 001e 81B5      		in r24,65-32
  78 0020 8861      		ori r24,lo8(24)
  79 0022 81BD      		out 65-32,r24
  80               	.LM12:
  81 0024 8FE0      		ldi r24,lo8(15)
  82 0026 81BD      		out 65-32,r24
  83               	.LM13:
  84 0028 0E94 0000 		call nrk_int_enable
  85               	/* epilogue start */
  86               	.LM14:
  87 002c 0895      		ret
  88               	.LFE4:
  90               	.global	nrk_watchdog_disable
  92               	nrk_watchdog_disable:
  93               	.LFB3:
  94               	.LM15:
  95               	/* prologue: function */
  96               	/* frame size = 0 */
  97               	.LM16:
  98 002e 0E94 0000 		call nrk_int_disable
  99               	.LBB8:
 100               	.LBB9:
 101               	.LM17:
 102               	/* #APP */
 103               	 ;  64 "../../../src/kernel/hal/atmega128/nrk_watchdog.c" 1
 104 0032 A895      		wdr
 105               	 ;  0 "" 2
 106               	/* #NOAPP */
 107               	.LBE9:
 108               	.LBE8:
 109               	.LM18:
 110 0034 84B7      		in r24,84-32
 111 0036 877F      		andi r24,lo8(-9)
 112 0038 84BF      		out 84-32,r24
 113               	.LM19:
 114 003a 81B5      		in r24,65-32
 115 003c 8861      		ori r24,lo8(24)
 116 003e 81BD      		out 65-32,r24
 117               	.LM20:
 118 0040 11BC      		out 65-32,__zero_reg__
 119               	.LM21:
 120 0042 0E94 0000 		call nrk_int_enable
 121               	/* epilogue start */
 122               	.LM22:
 123 0046 0895      		ret
 124               	.LFE3:
 126               		.comm systemCeiling,4,1
 127               		.comm _nrk_signal_list,4,1
 128               		.comm error_task,1,1
 129               		.comm error_num,1,1
 130               		.comm nrk_idle_task_stk,128,1
 131               		.comm nrk_kernel_stk_ptr,2,1
 180               	.Letext0:
DEFINED SYMBOLS
                            *ABS*:00000000 nrk_watchdog.c
C:\cygwin\tmp/ccDtBrlT.s:2      *ABS*:0000003f __SREG__
C:\cygwin\tmp/ccDtBrlT.s:3      *ABS*:0000003e __SP_H__
C:\cygwin\tmp/ccDtBrlT.s:4      *ABS*:0000003d __SP_L__
C:\cygwin\tmp/ccDtBrlT.s:5      *ABS*:00000034 __CCP__
C:\cygwin\tmp/ccDtBrlT.s:6      *ABS*:00000000 __tmp_reg__
C:\cygwin\tmp/ccDtBrlT.s:7      *ABS*:00000001 __zero_reg__
C:\cygwin\tmp/ccDtBrlT.s:18     .text:00000000 nrk_watchdog_check
C:\cygwin\tmp/ccDtBrlT.s:37     .text:0000000e nrk_watchdog_reset
C:\cygwin\tmp/ccDtBrlT.s:55     .text:00000012 nrk_watchdog_enable
C:\cygwin\tmp/ccDtBrlT.s:92     .text:0000002e nrk_watchdog_disable
                            *COM*:00000004 systemCeiling
                            *COM*:00000004 _nrk_signal_list
                            *COM*:00000001 error_task
                            *COM*:00000001 error_num
                            *COM*:00000080 nrk_idle_task_stk
                            *COM*:00000002 nrk_kernel_stk_ptr

UNDEFINED SYMBOLS
nrk_int_disable
nrk_int_enable
__do_clear_bss
