   1               		.file	"ulib.c"
   2               	__SREG__ = 0x3f
   3               	__SP_H__ = 0x3e
   4               	__SP_L__ = 0x3d
   5               	__tmp_reg__ = 0
   6               	__zero_reg__ = 1
   7               		.global __do_copy_data
   8               		.global __do_clear_bss
  16               	.Ltext0:
  17               	.global	nrk_uart_rx_signal_get
  19               	nrk_uart_rx_signal_get:
  20               	.LFB3:
  21               	.LM1:
  22               	/* prologue: frame size=0 */
  23               	/* prologue end (size=0) */
  24               	.LM2:
  25 0000 8FEF      		ldi r24,lo8(-1)
  26 0002 9FEF      		ldi r25,hi8(-1)
  27               	/* epilogue: frame size=0 */
  28 0004 0895      		ret
  29               	/* epilogue end (size=1) */
  30               	/* function nrk_uart_rx_signal_get size 3 (2) */
  31               	.LFE3:
  33               	.global	nrk_uart_data_ready
  35               	nrk_uart_data_ready:
  36               	.LFB4:
  37               	.LM3:
  38               	/* prologue: frame size=0 */
  39               	/* prologue end (size=0) */
  40               	.LVL0:
  41               	.LM4:
  42 0006 8130      		cpi r24,lo8(1)
  43 0008 01F0      		breq .L4
  44               	.LM5:
  45 000a 80E0      		ldi r24,lo8(0)
  46 000c 90E0      		ldi r25,hi8(0)
  47               	.LVL1:
  48 000e 0895      		ret
  49               	.LVL2:
  50               	.L4:
  51               	.LM6:
  52 0010 8091 9B00 		lds r24,155
  53               	.LVL3:
  54 0014 9927      		clr r25
  55 0016 87FD      		sbrc r24,7
  56 0018 9095      		com r25
  57 001a 8827      		clr r24
  58 001c 990F      		lsl r25
  59 001e 881F      		rol r24
  60 0020 9927      		clr r25
  61               	.LM7:
  62 0022 0895      		ret
  63               	/* epilogue: frame size=0 */
  64               	/* epilogue: noreturn */
  65               	/* epilogue end (size=0) */
  66               	/* function nrk_uart_data_ready size 15 (15) */
  67               	.LFE4:
  69               	.global	getc1
  71               	getc1:
  72               	.LFB5:
  73               	.LM8:
  74               	/* prologue: frame size=0 */
  75               	/* prologue end (size=0) */
  76               	.L11:
  77               	.LM9:
  78 0024 8091 9B00 		lds r24,155
  79 0028 87FF      		sbrs r24,7
  80 002a 00C0      		rjmp .L11
  81               	.LM10:
  82 002c 8091 9B00 		lds r24,155
  83 0030 8F77      		andi r24,lo8(127)
  84 0032 8093 9B00 		sts 155,r24
  85 0036 8091 9C00 		lds r24,156
  86               	.LVL4:
  87               	.LM11:
  88 003a 90E0      		ldi r25,lo8(0)
  89               	.LVL5:
  90               	/* epilogue: frame size=0 */
  91 003c 0895      		ret
  92               	/* epilogue end (size=1) */
  93               	/* function getc1 size 13 (12) */
  94               	.LFE5:
  96               	.global	nrk_setup_ports
  98               	nrk_setup_ports:
  99               	.LFB7:
 100               	.LM12:
 101               	/* prologue: frame size=0 */
 102               	/* prologue end (size=0) */
 103               	.LM13:
 104 003e 80B5      		in r24,64-0x20
 105 0040 8460      		ori r24,lo8(4)
 106 0042 80BD      		out 64-0x20,r24
 107 0044 87E0      		ldi r24,lo8(7)
 108 0046 87BB      		out 55-0x20,r24
 109 0048 88BB      		out 56-0x20,r24
 110 004a 91E0      		ldi r25,lo8(1)
 111 004c 94BB      		out 52-0x20,r25
 112 004e 95BB      		out 53-0x20,r25
 113 0050 8CE3      		ldi r24,lo8(60)
 114 0052 82B9      		out 34-0x20,r24
 115 0054 88E7      		ldi r24,lo8(120)
 116 0056 8ABB      		out 58-0x20,r24
 117 0058 80E4      		ldi r24,lo8(64)
 118 005a 8BBB      		out 59-0x20,r24
 119               	.LM14:
 120 005c 80E5      		ldi r24,lo8(80)
 121 005e 8DB9      		out 45-0x20,r24
 122 0060 9EB9      		out 46-0x20,r25
 123               	/* epilogue: frame size=0 */
 124 0062 0895      		ret
 125               	/* epilogue end (size=1) */
 126               	/* function nrk_setup_ports size 19 (18) */
 127               	.LFE7:
 129               	.global	nrk_gpio_set
 131               	nrk_gpio_set:
 132               	.LFB8:
 133               	.LM15:
 134               	/* prologue: frame size=0 */
 135               	/* prologue end (size=0) */
 136               	.LVL6:
 137               	.LM16:
 138 0064 8F3F      		cpi r24,lo8(-1)
 139 0066 01F4      		brne .+2
 140 0068 00C0      		rjmp .L19
 141               	.LM17:
 142 006a 482F      		mov r20,r24
 143 006c 50E0      		ldi r21,lo8(0)
 144 006e 9A01      		movw r18,r20
 145 0070 2770      		andi r18,lo8(7)
 146 0072 3070      		andi r19,hi8(7)
 147 0074 2230      		cpi r18,2
 148 0076 3105      		cpc r19,__zero_reg__
 149 0078 01F0      		breq .L23
 150 007a 2330      		cpi r18,3
 151 007c 3105      		cpc r19,__zero_reg__
 152 007e 04F4      		brge .L27
 153 0080 2115      		cp r18,__zero_reg__
 154 0082 3105      		cpc r19,__zero_reg__
 155 0084 01F0      		breq .L21
 156 0086 2130      		cpi r18,1
 157 0088 3105      		cpc r19,__zero_reg__
 158 008a 01F0      		breq .+2
 159 008c 00C0      		rjmp .L19
 160 008e 00C0      		rjmp .L22
 161               	.L27:
 162 0090 2430      		cpi r18,4
 163 0092 3105      		cpc r19,__zero_reg__
 164 0094 01F4      		brne .+2
 165 0096 00C0      		rjmp .L25
 166 0098 2430      		cpi r18,4
 167 009a 3105      		cpc r19,__zero_reg__
 168 009c 04F0      		brlt .L24
 169 009e 2530      		cpi r18,5
 170 00a0 3105      		cpc r19,__zero_reg__
 171 00a2 01F0      		breq .+2
 172 00a4 00C0      		rjmp .L19
 173 00a6 00C0      		rjmp .L26
 174               	.L21:
 175               	.LM18:
 176 00a8 2BB3      		in r18,59-0x20
 177 00aa A3E0      		ldi r26,3
 178 00ac 5695      	1:	lsr r21
 179 00ae 4795      		ror r20
 180 00b0 AA95      		dec r26
 181 00b2 01F4      		brne 1b
 182 00b4 81E0      		ldi r24,lo8(1)
 183 00b6 90E0      		ldi r25,hi8(1)
 184               	.LVL7:
 185 00b8 00C0      		rjmp 2f
 186 00ba 880F      	1:	lsl r24
 187 00bc 991F      		rol r25
 188 00be 4A95      	2:	dec r20
 189 00c0 02F4      		brpl 1b
 190 00c2 282B      		or r18,r24
 191 00c4 2BBB      		out 59-0x20,r18
 192 00c6 00C0      		rjmp .L30
 193               	.LVL8:
 194               	.L22:
 195               	.LM19:
 196 00c8 88B3      		in r24,56-0x20
 197               	.LVL9:
 198 00ca F3E0      		ldi r31,3
 199 00cc 5695      	1:	lsr r21
 200 00ce 4795      		ror r20
 201 00d0 FA95      		dec r31
 202 00d2 01F4      		brne 1b
 203 00d4 00C0      		rjmp 2f
 204 00d6 220F      	1:	lsl r18
 205 00d8 331F      		rol r19
 206 00da 4A95      	2:	dec r20
 207 00dc 02F4      		brpl 1b
 208 00de 822B      		or r24,r18
 209 00e0 88BB      		out 56-0x20,r24
 210 00e2 00C0      		rjmp .L30
 211               	.LVL10:
 212               	.L23:
 213               	.LM20:
 214 00e4 25B3      		in r18,53-0x20
 215 00e6 E3E0      		ldi r30,3
 216 00e8 5695      	1:	lsr r21
 217 00ea 4795      		ror r20
 218 00ec EA95      		dec r30
 219 00ee 01F4      		brne 1b
 220 00f0 81E0      		ldi r24,lo8(1)
 221 00f2 90E0      		ldi r25,hi8(1)
 222               	.LVL11:
 223 00f4 00C0      		rjmp 2f
 224 00f6 880F      	1:	lsl r24
 225 00f8 991F      		rol r25
 226 00fa 4A95      	2:	dec r20
 227 00fc 02F4      		brpl 1b
 228 00fe 282B      		or r18,r24
 229 0100 25BB      		out 53-0x20,r18
 230 0102 00C0      		rjmp .L30
 231               	.LVL12:
 232               	.L24:
 233               	.LM21:
 234 0104 22B3      		in r18,50-0x20
 235 0106 73E0      		ldi r23,3
 236 0108 5695      	1:	lsr r21
 237 010a 4795      		ror r20
 238 010c 7A95      		dec r23
 239 010e 01F4      		brne 1b
 240 0110 81E0      		ldi r24,lo8(1)
 241 0112 90E0      		ldi r25,hi8(1)
 242               	.LVL13:
 243 0114 00C0      		rjmp 2f
 244 0116 880F      	1:	lsl r24
 245 0118 991F      		rol r25
 246 011a 4A95      	2:	dec r20
 247 011c 02F4      		brpl 1b
 248 011e 282B      		or r18,r24
 249 0120 22BB      		out 50-0x20,r18
 250 0122 00C0      		rjmp .L30
 251               	.LVL14:
 252               	.L25:
 253               	.LM22:
 254 0124 23B1      		in r18,35-0x20
 255 0126 63E0      		ldi r22,3
 256 0128 5695      	1:	lsr r21
 257 012a 4795      		ror r20
 258 012c 6A95      		dec r22
 259 012e 01F4      		brne 1b
 260 0130 81E0      		ldi r24,lo8(1)
 261 0132 90E0      		ldi r25,hi8(1)
 262               	.LVL15:
 263 0134 00C0      		rjmp 2f
 264 0136 880F      	1:	lsl r24
 265 0138 991F      		rol r25
 266 013a 4A95      	2:	dec r20
 267 013c 02F4      		brpl 1b
 268 013e 282B      		or r18,r24
 269 0140 23B9      		out 35-0x20,r18
 270 0142 00C0      		rjmp .L30
 271               	.LVL16:
 272               	.L26:
 273               	.LM23:
 274 0144 2091 6200 		lds r18,98
 275 0148 33E0      		ldi r19,3
 276 014a 5695      	1:	lsr r21
 277 014c 4795      		ror r20
 278 014e 3A95      		dec r19
 279 0150 01F4      		brne 1b
 280 0152 81E0      		ldi r24,lo8(1)
 281 0154 90E0      		ldi r25,hi8(1)
 282               	.LVL17:
 283 0156 00C0      		rjmp 2f
 284 0158 880F      	1:	lsl r24
 285 015a 991F      		rol r25
 286 015c 4A95      	2:	dec r20
 287 015e 02F4      		brpl 1b
 288 0160 282B      		or r18,r24
 289 0162 2093 6200 		sts 98,r18
 290               	.L30:
 291 0166 81E0      		ldi r24,lo8(1)
 292 0168 90E0      		ldi r25,hi8(1)
 293 016a 0895      		ret
 294               	.LVL18:
 295               	.L19:
 296 016c 8FEF      		ldi r24,lo8(-1)
 297 016e 9FEF      		ldi r25,hi8(-1)
 298               	.LVL19:
 299               	.LM24:
 300 0170 0895      		ret
 301               	/* epilogue: frame size=0 */
 302               	/* epilogue: noreturn */
 303               	/* epilogue end (size=0) */
 304               	/* function nrk_gpio_set size 141 (141) */
 305               	.LFE8:
 307               	.global	nrk_gpio_clr
 309               	nrk_gpio_clr:
 310               	.LFB9:
 311               	.LM25:
 312               	/* prologue: frame size=0 */
 313               	/* prologue end (size=0) */
 314               	.LVL20:
 315               	.LM26:
 316 0172 8F3F      		cpi r24,lo8(-1)
 317 0174 01F4      		brne .+2
 318 0176 00C0      		rjmp .L32
 319               	.LM27:
 320 0178 482F      		mov r20,r24
 321 017a 50E0      		ldi r21,lo8(0)
 322 017c 9A01      		movw r18,r20
 323 017e 2770      		andi r18,lo8(7)
 324 0180 3070      		andi r19,hi8(7)
 325 0182 2230      		cpi r18,2
 326 0184 3105      		cpc r19,__zero_reg__
 327 0186 01F0      		breq .L36
 328 0188 2330      		cpi r18,3
 329 018a 3105      		cpc r19,__zero_reg__
 330 018c 04F4      		brge .L40
 331 018e 2115      		cp r18,__zero_reg__
 332 0190 3105      		cpc r19,__zero_reg__
 333 0192 01F0      		breq .L34
 334 0194 2130      		cpi r18,1
 335 0196 3105      		cpc r19,__zero_reg__
 336 0198 01F0      		breq .+2
 337 019a 00C0      		rjmp .L32
 338 019c 00C0      		rjmp .L35
 339               	.L40:
 340 019e 2430      		cpi r18,4
 341 01a0 3105      		cpc r19,__zero_reg__
 342 01a2 01F4      		brne .+2
 343 01a4 00C0      		rjmp .L38
 344 01a6 2430      		cpi r18,4
 345 01a8 3105      		cpc r19,__zero_reg__
 346 01aa 04F0      		brlt .L37
 347 01ac 2530      		cpi r18,5
 348 01ae 3105      		cpc r19,__zero_reg__
 349 01b0 01F0      		breq .+2
 350 01b2 00C0      		rjmp .L32
 351 01b4 00C0      		rjmp .L39
 352               	.L34:
 353               	.LM28:
 354 01b6 2BB3      		in r18,59-0x20
 355 01b8 73E0      		ldi r23,3
 356 01ba 5695      	1:	lsr r21
 357 01bc 4795      		ror r20
 358 01be 7A95      		dec r23
 359 01c0 01F4      		brne 1b
 360 01c2 81E0      		ldi r24,lo8(1)
 361 01c4 90E0      		ldi r25,hi8(1)
 362               	.LVL21:
 363 01c6 00C0      		rjmp 2f
 364 01c8 880F      	1:	lsl r24
 365 01ca 991F      		rol r25
 366 01cc 4A95      	2:	dec r20
 367 01ce 02F4      		brpl 1b
 368 01d0 8095      		com r24
 369 01d2 8223      		and r24,r18
 370 01d4 8BBB      		out 59-0x20,r24
 371 01d6 00C0      		rjmp .L43
 372               	.LVL22:
 373               	.L35:
 374               	.LM29:
 375 01d8 98B3      		in r25,56-0x20
 376 01da 63E0      		ldi r22,3
 377 01dc 5695      	1:	lsr r21
 378 01de 4795      		ror r20
 379 01e0 6A95      		dec r22
 380 01e2 01F4      		brne 1b
 381 01e4 00C0      		rjmp 2f
 382 01e6 220F      	1:	lsl r18
 383 01e8 331F      		rol r19
 384 01ea 4A95      	2:	dec r20
 385 01ec 02F4      		brpl 1b
 386 01ee 822F      		mov r24,r18
 387               	.LVL23:
 388 01f0 8095      		com r24
 389 01f2 8923      		and r24,r25
 390 01f4 88BB      		out 56-0x20,r24
 391 01f6 00C0      		rjmp .L43
 392               	.LVL24:
 393               	.L36:
 394               	.LM30:
 395 01f8 25B3      		in r18,53-0x20
 396 01fa 33E0      		ldi r19,3
 397 01fc 5695      	1:	lsr r21
 398 01fe 4795      		ror r20
 399 0200 3A95      		dec r19
 400 0202 01F4      		brne 1b
 401 0204 81E0      		ldi r24,lo8(1)
 402 0206 90E0      		ldi r25,hi8(1)
 403               	.LVL25:
 404 0208 00C0      		rjmp 2f
 405 020a 880F      	1:	lsl r24
 406 020c 991F      		rol r25
 407 020e 4A95      	2:	dec r20
 408 0210 02F4      		brpl 1b
 409 0212 8095      		com r24
 410 0214 8223      		and r24,r18
 411 0216 85BB      		out 53-0x20,r24
 412 0218 00C0      		rjmp .L43
 413               	.LVL26:
 414               	.L37:
 415               	.LM31:
 416 021a 22B3      		in r18,50-0x20
 417 021c 93E0      		ldi r25,3
 418 021e 5695      	1:	lsr r21
 419 0220 4795      		ror r20
 420 0222 9A95      		dec r25
 421 0224 01F4      		brne 1b
 422 0226 81E0      		ldi r24,lo8(1)
 423 0228 90E0      		ldi r25,hi8(1)
 424               	.LVL27:
 425 022a 00C0      		rjmp 2f
 426 022c 880F      	1:	lsl r24
 427 022e 991F      		rol r25
 428 0230 4A95      	2:	dec r20
 429 0232 02F4      		brpl 1b
 430 0234 8095      		com r24
 431 0236 8223      		and r24,r18
 432 0238 82BB      		out 50-0x20,r24
 433 023a 00C0      		rjmp .L43
 434               	.LVL28:
 435               	.L38:
 436               	.LM32:
 437 023c 23B1      		in r18,35-0x20
 438 023e 83E0      		ldi r24,3
 439 0240 5695      	1:	lsr r21
 440 0242 4795      		ror r20
 441 0244 8A95      		dec r24
 442 0246 01F4      		brne 1b
 443               	.LVL29:
 444 0248 81E0      		ldi r24,lo8(1)
 445 024a 90E0      		ldi r25,hi8(1)
 446 024c 00C0      		rjmp 2f
 447 024e 880F      	1:	lsl r24
 448 0250 991F      		rol r25
 449 0252 4A95      	2:	dec r20
 450 0254 02F4      		brpl 1b
 451 0256 8095      		com r24
 452 0258 8223      		and r24,r18
 453 025a 83B9      		out 35-0x20,r24
 454 025c 00C0      		rjmp .L43
 455               	.LVL30:
 456               	.L39:
 457               	.LM33:
 458 025e 2091 6200 		lds r18,98
 459 0262 B3E0      		ldi r27,3
 460 0264 5695      	1:	lsr r21
 461 0266 4795      		ror r20
 462 0268 BA95      		dec r27
 463 026a 01F4      		brne 1b
 464 026c 81E0      		ldi r24,lo8(1)
 465 026e 90E0      		ldi r25,hi8(1)
 466               	.LVL31:
 467 0270 00C0      		rjmp 2f
 468 0272 880F      	1:	lsl r24
 469 0274 991F      		rol r25
 470 0276 4A95      	2:	dec r20
 471 0278 02F4      		brpl 1b
 472 027a 8095      		com r24
 473 027c 8223      		and r24,r18
 474 027e 8093 6200 		sts 98,r24
 475               	.L43:
 476 0282 81E0      		ldi r24,lo8(1)
 477 0284 90E0      		ldi r25,hi8(1)
 478 0286 0895      		ret
 479               	.LVL32:
 480               	.L32:
 481 0288 8FEF      		ldi r24,lo8(-1)
 482 028a 9FEF      		ldi r25,hi8(-1)
 483               	.LVL33:
 484               	.LM34:
 485 028c 0895      		ret
 486               	/* epilogue: frame size=0 */
 487               	/* epilogue: noreturn */
 488               	/* epilogue end (size=0) */
 489               	/* function nrk_gpio_clr size 148 (148) */
 490               	.LFE9:
 492               	.global	nrk_gpio_get
 494               	nrk_gpio_get:
 495               	.LFB10:
 496               	.LM35:
 497               	/* prologue: frame size=0 */
 498               	/* prologue end (size=0) */
 499               	.LVL34:
 500               	.LM36:
 501 028e 8F3F      		cpi r24,lo8(-1)
 502 0290 01F4      		brne .+2
 503 0292 00C0      		rjmp .L45
 504               	.LM37:
 505 0294 482F      		mov r20,r24
 506 0296 50E0      		ldi r21,lo8(0)
 507 0298 BA01      		movw r22,r20
 508 029a 6770      		andi r22,lo8(7)
 509 029c 7070      		andi r23,hi8(7)
 510 029e 6230      		cpi r22,2
 511 02a0 7105      		cpc r23,__zero_reg__
 512 02a2 01F0      		breq .L49
 513 02a4 6330      		cpi r22,3
 514 02a6 7105      		cpc r23,__zero_reg__
 515 02a8 04F4      		brge .L53
 516 02aa 6115      		cp r22,__zero_reg__
 517 02ac 7105      		cpc r23,__zero_reg__
 518 02ae 01F0      		breq .L47
 519 02b0 6130      		cpi r22,1
 520 02b2 7105      		cpc r23,__zero_reg__
 521 02b4 01F4      		brne .L45
 522 02b6 00C0      		rjmp .L48
 523               	.L53:
 524 02b8 6430      		cpi r22,4
 525 02ba 7105      		cpc r23,__zero_reg__
 526 02bc 01F0      		breq .L51
 527 02be 6430      		cpi r22,4
 528 02c0 7105      		cpc r23,__zero_reg__
 529 02c2 04F0      		brlt .L50
 530 02c4 6530      		cpi r22,5
 531 02c6 7105      		cpc r23,__zero_reg__
 532 02c8 01F4      		brne .L45
 533 02ca 00C0      		rjmp .L52
 534               	.L47:
 535               	.LM38:
 536 02cc 29B3      		in r18,57-0x20
 537 02ce 00C0      		rjmp .L56
 538               	.L48:
 539               	.LM39:
 540 02d0 86B3      		in r24,54-0x20
 541               	.LVL35:
 542 02d2 F3E0      		ldi r31,3
 543 02d4 5695      	1:	lsr r21
 544 02d6 4795      		ror r20
 545 02d8 FA95      		dec r31
 546 02da 01F4      		brne 1b
 547 02dc 00C0      		rjmp 2f
 548 02de 660F      	1:	lsl r22
 549 02e0 771F      		rol r23
 550 02e2 4A95      	2:	dec r20
 551 02e4 02F4      		brpl 1b
 552 02e6 8623      		and r24,r22
 553 02e8 9927      		clr r25
 554 02ea 87FD      		sbrc r24,7
 555 02ec 9095      		com r25
 556 02ee 0895      		ret
 557               	.LVL36:
 558               	.L49:
 559               	.LM40:
 560 02f0 23B3      		in r18,51-0x20
 561 02f2 00C0      		rjmp .L56
 562               	.L50:
 563               	.LM41:
 564 02f4 20B3      		in r18,48-0x20
 565 02f6 00C0      		rjmp .L56
 566               	.L51:
 567               	.LM42:
 568 02f8 21B1      		in r18,33-0x20
 569 02fa 00C0      		rjmp .L56
 570               	.L52:
 571               	.LM43:
 572 02fc 20B1      		in r18,32-0x20
 573               	.L56:
 574 02fe E3E0      		ldi r30,3
 575 0300 5695      	1:	lsr r21
 576 0302 4795      		ror r20
 577 0304 EA95      		dec r30
 578 0306 01F4      		brne 1b
 579 0308 81E0      		ldi r24,lo8(1)
 580 030a 90E0      		ldi r25,hi8(1)
 581               	.LVL37:
 582 030c 00C0      		rjmp 2f
 583 030e 880F      	1:	lsl r24
 584 0310 991F      		rol r25
 585 0312 4A95      	2:	dec r20
 586 0314 02F4      		brpl 1b
 587 0316 2823      		and r18,r24
 588 0318 822F      		mov r24,r18
 589 031a 9927      		clr r25
 590 031c 87FD      		sbrc r24,7
 591 031e 9095      		com r25
 592 0320 0895      		ret
 593               	.LVL38:
 594               	.L45:
 595 0322 8FEF      		ldi r24,lo8(-1)
 596 0324 9FEF      		ldi r25,hi8(-1)
 597               	.LVL39:
 598               	.LM44:
 599 0326 0895      		ret
 600               	/* epilogue: frame size=0 */
 601               	/* epilogue: noreturn */
 602               	/* epilogue end (size=0) */
 603               	/* function nrk_gpio_get size 79 (79) */
 604               	.LFE10:
 606               	.global	nrk_gpio_toggle
 608               	nrk_gpio_toggle:
 609               	.LFB11:
 610               	.LM45:
 611               	/* prologue: frame size=0 */
 612               	/* prologue end (size=0) */
 613               	.LVL40:
 614               	.LM46:
 615 0328 8F3F      		cpi r24,lo8(-1)
 616 032a 01F4      		brne .+2
 617 032c 00C0      		rjmp .L58
 618               	.LM47:
 619 032e 282F      		mov r18,r24
 620 0330 30E0      		ldi r19,lo8(0)
 621 0332 A901      		movw r20,r18
 622 0334 4770      		andi r20,lo8(7)
 623 0336 5070      		andi r21,hi8(7)
 624 0338 4230      		cpi r20,2
 625 033a 5105      		cpc r21,__zero_reg__
 626 033c 01F4      		brne .+2
 627 033e 00C0      		rjmp .L62
 628 0340 4330      		cpi r20,3
 629 0342 5105      		cpc r21,__zero_reg__
 630 0344 04F4      		brge .L66
 631 0346 4115      		cp r20,__zero_reg__
 632 0348 5105      		cpc r21,__zero_reg__
 633 034a 01F0      		breq .L60
 634 034c 4130      		cpi r20,1
 635 034e 5105      		cpc r21,__zero_reg__
 636 0350 01F0      		breq .+2
 637 0352 00C0      		rjmp .L58
 638 0354 00C0      		rjmp .L61
 639               	.L66:
 640 0356 4430      		cpi r20,4
 641 0358 5105      		cpc r21,__zero_reg__
 642 035a 01F4      		brne .+2
 643 035c 00C0      		rjmp .L64
 644 035e 4430      		cpi r20,4
 645 0360 5105      		cpc r21,__zero_reg__
 646 0362 04F4      		brge .+2
 647 0364 00C0      		rjmp .L63
 648 0366 4530      		cpi r20,5
 649 0368 5105      		cpc r21,__zero_reg__
 650 036a 01F0      		breq .+2
 651 036c 00C0      		rjmp .L58
 652 036e 00C0      		rjmp .L65
 653               	.L60:
 654               	.LM48:
 655 0370 89B3      		in r24,57-0x20
 656               	.LVL41:
 657 0372 A901      		movw r20,r18
 658 0374 73E0      		ldi r23,3
 659 0376 5695      	1:	lsr r21
 660 0378 4795      		ror r20
 661 037a 7A95      		dec r23
 662 037c 01F4      		brne 1b
 663 037e 90E0      		ldi r25,lo8(0)
 664 0380 042E      		mov r0,r20
 665 0382 00C0      		rjmp 2f
 666 0384 9595      	1:	asr r25
 667 0386 8795      		ror r24
 668 0388 0A94      	2:	dec r0
 669 038a 02F4      		brpl 1b
 670 038c 80FD      		sbrc r24,0
 671 038e 00C0      		rjmp .L67
 672               	.LM49:
 673 0390 2BB3      		in r18,59-0x20
 674 0392 81E0      		ldi r24,lo8(1)
 675 0394 90E0      		ldi r25,hi8(1)
 676 0396 00C0      		rjmp 2f
 677 0398 880F      	1:	lsl r24
 678 039a 991F      		rol r25
 679 039c 4A95      	2:	dec r20
 680 039e 02F4      		brpl 1b
 681 03a0 282B      		or r18,r24
 682 03a2 2BBB      		out 59-0x20,r18
 683 03a4 00C0      		rjmp .L81
 684               	.L67:
 685               	.LM50:
 686 03a6 2BB3      		in r18,59-0x20
 687 03a8 81E0      		ldi r24,lo8(1)
 688 03aa 90E0      		ldi r25,hi8(1)
 689 03ac 00C0      		rjmp 2f
 690 03ae 880F      	1:	lsl r24
 691 03b0 991F      		rol r25
 692 03b2 4A95      	2:	dec r20
 693 03b4 02F4      		brpl 1b
 694 03b6 8095      		com r24
 695 03b8 8223      		and r24,r18
 696 03ba 8BBB      		out 59-0x20,r24
 697 03bc 00C0      		rjmp .L81
 698               	.LVL42:
 699               	.L61:
 700               	.LM51:
 701 03be 86B3      		in r24,54-0x20
 702               	.LVL43:
 703 03c0 63E0      		ldi r22,3
 704 03c2 3695      	1:	lsr r19
 705 03c4 2795      		ror r18
 706 03c6 6A95      		dec r22
 707 03c8 01F4      		brne 1b
 708 03ca 90E0      		ldi r25,lo8(0)
 709 03cc 022E      		mov r0,r18
 710 03ce 00C0      		rjmp 2f
 711 03d0 9595      	1:	asr r25
 712 03d2 8795      		ror r24
 713 03d4 0A94      	2:	dec r0
 714 03d6 02F4      		brpl 1b
 715 03d8 00C0      		rjmp 2f
 716 03da 440F      	1:	lsl r20
 717 03dc 551F      		rol r21
 718 03de 2A95      	2:	dec r18
 719 03e0 02F4      		brpl 1b
 720 03e2 80FD      		sbrc r24,0
 721 03e4 00C0      		rjmp .L70
 722               	.LM52:
 723 03e6 88B3      		in r24,56-0x20
 724 03e8 842B      		or r24,r20
 725 03ea 00C0      		rjmp .L82
 726               	.L70:
 727               	.LM53:
 728 03ec 98B3      		in r25,56-0x20
 729 03ee 842F      		mov r24,r20
 730 03f0 8095      		com r24
 731 03f2 8923      		and r24,r25
 732               	.L82:
 733 03f4 88BB      		out 56-0x20,r24
 734 03f6 00C0      		rjmp .L81
 735               	.LVL44:
 736               	.L62:
 737               	.LM54:
 738 03f8 83B3      		in r24,51-0x20
 739               	.LVL45:
 740 03fa A901      		movw r20,r18
 741 03fc 23E0      		ldi r18,3
 742 03fe 5695      	1:	lsr r21
 743 0400 4795      		ror r20
 744 0402 2A95      		dec r18
 745 0404 01F4      		brne 1b
 746 0406 90E0      		ldi r25,lo8(0)
 747 0408 042E      		mov r0,r20
 748 040a 00C0      		rjmp 2f
 749 040c 9595      	1:	asr r25
 750 040e 8795      		ror r24
 751 0410 0A94      	2:	dec r0
 752 0412 02F4      		brpl 1b
 753 0414 80FD      		sbrc r24,0
 754 0416 00C0      		rjmp .L72
 755               	.LM55:
 756 0418 25B3      		in r18,53-0x20
 757 041a 81E0      		ldi r24,lo8(1)
 758 041c 90E0      		ldi r25,hi8(1)
 759 041e 00C0      		rjmp 2f
 760 0420 880F      	1:	lsl r24
 761 0422 991F      		rol r25
 762 0424 4A95      	2:	dec r20
 763 0426 02F4      		brpl 1b
 764 0428 282B      		or r18,r24
 765 042a 25BB      		out 53-0x20,r18
 766 042c 00C0      		rjmp .L81
 767               	.L72:
 768               	.LM56:
 769 042e 25B3      		in r18,53-0x20
 770 0430 81E0      		ldi r24,lo8(1)
 771 0432 90E0      		ldi r25,hi8(1)
 772 0434 00C0      		rjmp 2f
 773 0436 880F      	1:	lsl r24
 774 0438 991F      		rol r25
 775 043a 4A95      	2:	dec r20
 776 043c 02F4      		brpl 1b
 777 043e 8095      		com r24
 778 0440 8223      		and r24,r18
 779 0442 85BB      		out 53-0x20,r24
 780 0444 00C0      		rjmp .L81
 781               	.LVL46:
 782               	.L63:
 783               	.LM57:
 784 0446 80B3      		in r24,48-0x20
 785               	.LVL47:
 786 0448 A901      		movw r20,r18
 787 044a 93E0      		ldi r25,3
 788 044c 5695      	1:	lsr r21
 789 044e 4795      		ror r20
 790 0450 9A95      		dec r25
 791 0452 01F4      		brne 1b
 792 0454 90E0      		ldi r25,lo8(0)
 793 0456 042E      		mov r0,r20
 794 0458 00C0      		rjmp 2f
 795 045a 9595      	1:	asr r25
 796 045c 8795      		ror r24
 797 045e 0A94      	2:	dec r0
 798 0460 02F4      		brpl 1b
 799 0462 80FD      		sbrc r24,0
 800 0464 00C0      		rjmp .L74
 801               	.LM58:
 802 0466 22B3      		in r18,50-0x20
 803 0468 81E0      		ldi r24,lo8(1)
 804 046a 90E0      		ldi r25,hi8(1)
 805 046c 00C0      		rjmp 2f
 806 046e 880F      	1:	lsl r24
 807 0470 991F      		rol r25
 808 0472 4A95      	2:	dec r20
 809 0474 02F4      		brpl 1b
 810 0476 282B      		or r18,r24
 811 0478 22BB      		out 50-0x20,r18
 812 047a 00C0      		rjmp .L81
 813               	.L74:
 814               	.LM59:
 815 047c 22B3      		in r18,50-0x20
 816 047e 81E0      		ldi r24,lo8(1)
 817 0480 90E0      		ldi r25,hi8(1)
 818 0482 00C0      		rjmp 2f
 819 0484 880F      	1:	lsl r24
 820 0486 991F      		rol r25
 821 0488 4A95      	2:	dec r20
 822 048a 02F4      		brpl 1b
 823 048c 8095      		com r24
 824 048e 8223      		and r24,r18
 825 0490 82BB      		out 50-0x20,r24
 826 0492 00C0      		rjmp .L81
 827               	.LVL48:
 828               	.L64:
 829               	.LM60:
 830 0494 81B1      		in r24,33-0x20
 831               	.LVL49:
 832 0496 A901      		movw r20,r18
 833 0498 B3E0      		ldi r27,3
 834 049a 5695      	1:	lsr r21
 835 049c 4795      		ror r20
 836 049e BA95      		dec r27
 837 04a0 01F4      		brne 1b
 838 04a2 90E0      		ldi r25,lo8(0)
 839 04a4 042E      		mov r0,r20
 840 04a6 00C0      		rjmp 2f
 841 04a8 9595      	1:	asr r25
 842 04aa 8795      		ror r24
 843 04ac 0A94      	2:	dec r0
 844 04ae 02F4      		brpl 1b
 845 04b0 80FD      		sbrc r24,0
 846 04b2 00C0      		rjmp .L76
 847               	.LM61:
 848 04b4 23B1      		in r18,35-0x20
 849 04b6 81E0      		ldi r24,lo8(1)
 850 04b8 90E0      		ldi r25,hi8(1)
 851 04ba 00C0      		rjmp 2f
 852 04bc 880F      	1:	lsl r24
 853 04be 991F      		rol r25
 854 04c0 4A95      	2:	dec r20
 855 04c2 02F4      		brpl 1b
 856 04c4 282B      		or r18,r24
 857 04c6 23B9      		out 35-0x20,r18
 858 04c8 00C0      		rjmp .L81
 859               	.L76:
 860               	.LM62:
 861 04ca 23B1      		in r18,35-0x20
 862 04cc 81E0      		ldi r24,lo8(1)
 863 04ce 90E0      		ldi r25,hi8(1)
 864 04d0 00C0      		rjmp 2f
 865 04d2 880F      	1:	lsl r24
 866 04d4 991F      		rol r25
 867 04d6 4A95      	2:	dec r20
 868 04d8 02F4      		brpl 1b
 869 04da 8095      		com r24
 870 04dc 8223      		and r24,r18
 871 04de 83B9      		out 35-0x20,r24
 872 04e0 00C0      		rjmp .L81
 873               	.LVL50:
 874               	.L65:
 875               	.LM63:
 876 04e2 80B1      		in r24,32-0x20
 877               	.LVL51:
 878 04e4 A901      		movw r20,r18
 879 04e6 A3E0      		ldi r26,3
 880 04e8 5695      	1:	lsr r21
 881 04ea 4795      		ror r20
 882 04ec AA95      		dec r26
 883 04ee 01F4      		brne 1b
 884 04f0 90E0      		ldi r25,lo8(0)
 885 04f2 042E      		mov r0,r20
 886 04f4 00C0      		rjmp 2f
 887 04f6 9595      	1:	asr r25
 888 04f8 8795      		ror r24
 889 04fa 0A94      	2:	dec r0
 890 04fc 02F4      		brpl 1b
 891 04fe 80FD      		sbrc r24,0
 892 0500 00C0      		rjmp .L78
 893               	.LM64:
 894 0502 2091 6200 		lds r18,98
 895 0506 81E0      		ldi r24,lo8(1)
 896 0508 90E0      		ldi r25,hi8(1)
 897 050a 00C0      		rjmp 2f
 898 050c 880F      	1:	lsl r24
 899 050e 991F      		rol r25
 900 0510 4A95      	2:	dec r20
 901 0512 02F4      		brpl 1b
 902 0514 282B      		or r18,r24
 903 0516 2093 6200 		sts 98,r18
 904 051a 00C0      		rjmp .L81
 905               	.L78:
 906               	.LM65:
 907 051c 2091 6200 		lds r18,98
 908 0520 81E0      		ldi r24,lo8(1)
 909 0522 90E0      		ldi r25,hi8(1)
 910 0524 00C0      		rjmp 2f
 911 0526 880F      	1:	lsl r24
 912 0528 991F      		rol r25
 913 052a 4A95      	2:	dec r20
 914 052c 02F4      		brpl 1b
 915 052e 8095      		com r24
 916 0530 8223      		and r24,r18
 917 0532 8093 6200 		sts 98,r24
 918               	.L81:
 919 0536 81E0      		ldi r24,lo8(1)
 920 0538 90E0      		ldi r25,hi8(1)
 921 053a 0895      		ret
 922               	.LVL52:
 923               	.L58:
 924 053c 8FEF      		ldi r24,lo8(-1)
 925 053e 9FEF      		ldi r25,hi8(-1)
 926               	.LVL53:
 927               	.LM66:
 928 0540 0895      		ret
 929               	/* epilogue: frame size=0 */
 930               	/* epilogue: noreturn */
 931               	/* epilogue end (size=0) */
 932               	/* function nrk_gpio_toggle size 280 (280) */
 933               	.LFE11:
 935               	.global	nrk_gpio_direction
 937               	nrk_gpio_direction:
 938               	.LFB12:
 939               	.LM67:
 940               	/* prologue: frame size=0 */
 941               	/* prologue end (size=0) */
 942               	.LVL54:
 943               	.LM68:
 944 0542 8F3F      		cpi r24,lo8(-1)
 945 0544 01F4      		brne .+2
 946 0546 00C0      		rjmp .L84
 947 0548 482F      		mov r20,r24
 948 054a 50E0      		ldi r21,lo8(0)
 949               	.LVL55:
 950               	.LM69:
 951 054c 6623      		tst r22
 952 054e 01F0      		breq .+2
 953 0550 00C0      		rjmp .L86
 954               	.LVL56:
 955               	.LM70:
 956 0552 CA01      		movw r24,r20
 957 0554 8770      		andi r24,lo8(7)
 958 0556 9070      		andi r25,hi8(7)
 959 0558 8230      		cpi r24,2
 960 055a 9105      		cpc r25,__zero_reg__
 961 055c 01F4      		brne .+2
 962 055e 00C0      		rjmp .L90
 963 0560 8330      		cpi r24,3
 964 0562 9105      		cpc r25,__zero_reg__
 965 0564 04F4      		brge .L94
 966 0566 0097      		sbiw r24,0
 967 0568 01F0      		breq .L88
 968 056a 8130      		cpi r24,1
 969 056c 9105      		cpc r25,__zero_reg__
 970 056e 01F0      		breq .+2
 971 0570 00C0      		rjmp .L84
 972 0572 00C0      		rjmp .L89
 973               	.L94:
 974 0574 8430      		cpi r24,4
 975 0576 9105      		cpc r25,__zero_reg__
 976 0578 01F4      		brne .+2
 977 057a 00C0      		rjmp .L92
 978 057c 8430      		cpi r24,4
 979 057e 9105      		cpc r25,__zero_reg__
 980 0580 04F4      		brge .+2
 981 0582 00C0      		rjmp .L91
 982 0584 0597      		sbiw r24,5
 983 0586 01F0      		breq .+2
 984 0588 00C0      		rjmp .L84
 985 058a 00C0      		rjmp .L93
 986               	.L88:
 987               	.LM71:
 988 058c 3AB3      		in r19,58-0x20
 989 058e B3E0      		ldi r27,3
 990 0590 5695      	1:	lsr r21
 991 0592 4795      		ror r20
 992 0594 BA95      		dec r27
 993 0596 01F4      		brne 1b
 994               	.LVL57:
 995 0598 81E0      		ldi r24,lo8(1)
 996 059a 90E0      		ldi r25,hi8(1)
 997 059c 00C0      		rjmp 2f
 998 059e 880F      	1:	lsl r24
 999 05a0 991F      		rol r25
 1000 05a2 4A95      	2:	dec r20
 1001 05a4 02F4      		brpl 1b
 1002 05a6 282F      		mov r18,r24
 1003 05a8 2095      		com r18
 1004 05aa 2323      		and r18,r19
 1005 05ac 2ABB      		out 58-0x20,r18
 1006               	.LM72:
 1007 05ae 2BB3      		in r18,59-0x20
 1008 05b0 822B      		or r24,r18
 1009 05b2 8BBB      		out 59-0x20,r24
 1010 05b4 00C0      		rjmp .L104
 1011               	.L89:
 1012               	.LM73:
 1013 05b6 27B3      		in r18,55-0x20
 1014 05b8 A3E0      		ldi r26,3
 1015 05ba 5695      	1:	lsr r21
 1016 05bc 4795      		ror r20
 1017 05be AA95      		dec r26
 1018 05c0 01F4      		brne 1b
 1019               	.LVL58:
 1020 05c2 00C0      		rjmp 2f
 1021 05c4 880F      	1:	lsl r24
 1022 05c6 991F      		rol r25
 1023 05c8 4A95      	2:	dec r20
 1024 05ca 02F4      		brpl 1b
 1025 05cc 982F      		mov r25,r24
 1026 05ce 8095      		com r24
 1027 05d0 8223      		and r24,r18
 1028 05d2 87BB      		out 55-0x20,r24
 1029               	.LM74:
 1030 05d4 88B3      		in r24,56-0x20
 1031 05d6 982B      		or r25,r24
 1032 05d8 98BB      		out 56-0x20,r25
 1033 05da 00C0      		rjmp .L104
 1034               	.L90:
 1035               	.LM75:
 1036 05dc 34B3      		in r19,52-0x20
 1037 05de F3E0      		ldi r31,3
 1038 05e0 5695      	1:	lsr r21
 1039 05e2 4795      		ror r20
 1040 05e4 FA95      		dec r31
 1041 05e6 01F4      		brne 1b
 1042               	.LVL59:
 1043 05e8 81E0      		ldi r24,lo8(1)
 1044 05ea 90E0      		ldi r25,hi8(1)
 1045 05ec 00C0      		rjmp 2f
 1046 05ee 880F      	1:	lsl r24
 1047 05f0 991F      		rol r25
 1048 05f2 4A95      	2:	dec r20
 1049 05f4 02F4      		brpl 1b
 1050 05f6 282F      		mov r18,r24
 1051 05f8 2095      		com r18
 1052 05fa 2323      		and r18,r19
 1053 05fc 24BB      		out 52-0x20,r18
 1054               	.LM76:
 1055 05fe 25B3      		in r18,53-0x20
 1056 0600 822B      		or r24,r18
 1057 0602 85BB      		out 53-0x20,r24
 1058 0604 00C0      		rjmp .L104
 1059               	.L91:
 1060               	.LM77:
 1061 0606 31B3      		in r19,49-0x20
 1062 0608 E3E0      		ldi r30,3
 1063 060a 5695      	1:	lsr r21
 1064 060c 4795      		ror r20
 1065 060e EA95      		dec r30
 1066 0610 01F4      		brne 1b
 1067               	.LVL60:
 1068 0612 81E0      		ldi r24,lo8(1)
 1069 0614 90E0      		ldi r25,hi8(1)
 1070 0616 00C0      		rjmp 2f
 1071 0618 880F      	1:	lsl r24
 1072 061a 991F      		rol r25
 1073 061c 4A95      	2:	dec r20
 1074 061e 02F4      		brpl 1b
 1075 0620 282F      		mov r18,r24
 1076 0622 2095      		com r18
 1077 0624 2323      		and r18,r19
 1078 0626 21BB      		out 49-0x20,r18
 1079               	.LM78:
 1080 0628 22B3      		in r18,50-0x20
 1081 062a 822B      		or r24,r18
 1082 062c 82BB      		out 50-0x20,r24
 1083 062e 00C0      		rjmp .L104
 1084               	.L92:
 1085               	.LM79:
 1086 0630 32B1      		in r19,34-0x20
 1087 0632 73E0      		ldi r23,3
 1088 0634 5695      	1:	lsr r21
 1089 0636 4795      		ror r20
 1090 0638 7A95      		dec r23
 1091 063a 01F4      		brne 1b
 1092               	.LVL61:
 1093 063c 81E0      		ldi r24,lo8(1)
 1094 063e 90E0      		ldi r25,hi8(1)
 1095 0640 00C0      		rjmp 2f
 1096 0642 880F      	1:	lsl r24
 1097 0644 991F      		rol r25
 1098 0646 4A95      	2:	dec r20
 1099 0648 02F4      		brpl 1b
 1100 064a 282F      		mov r18,r24
 1101 064c 2095      		com r18
 1102 064e 2323      		and r18,r19
 1103 0650 22B9      		out 34-0x20,r18
 1104               	.LM80:
 1105 0652 23B1      		in r18,35-0x20
 1106 0654 822B      		or r24,r18
 1107 0656 83B9      		out 35-0x20,r24
 1108 0658 00C0      		rjmp .L104
 1109               	.L93:
 1110               	.LM81:
 1111 065a 3091 6100 		lds r19,97
 1112 065e 63E0      		ldi r22,3
 1113 0660 5695      	1:	lsr r21
 1114 0662 4795      		ror r20
 1115 0664 6A95      		dec r22
 1116 0666 01F4      		brne 1b
 1117               	.LVL62:
 1118 0668 81E0      		ldi r24,lo8(1)
 1119 066a 90E0      		ldi r25,hi8(1)
 1120 066c 00C0      		rjmp 2f
 1121 066e 880F      	1:	lsl r24
 1122 0670 991F      		rol r25
 1123 0672 4A95      	2:	dec r20
 1124 0674 02F4      		brpl 1b
 1125 0676 282F      		mov r18,r24
 1126 0678 2095      		com r18
 1127 067a 2323      		and r18,r19
 1128 067c 2093 6100 		sts 97,r18
 1129               	.LM82:
 1130 0680 2091 6200 		lds r18,98
 1131 0684 822B      		or r24,r18
 1132 0686 8093 6200 		sts 98,r24
 1133 068a 00C0      		rjmp .L104
 1134               	.LVL63:
 1135               	.L86:
 1136               	.LM83:
 1137 068c 9A01      		movw r18,r20
 1138 068e 2770      		andi r18,lo8(7)
 1139 0690 3070      		andi r19,hi8(7)
 1140 0692 2230      		cpi r18,2
 1141 0694 3105      		cpc r19,__zero_reg__
 1142 0696 01F0      		breq .L98
 1143 0698 2330      		cpi r18,3
 1144 069a 3105      		cpc r19,__zero_reg__
 1145 069c 04F4      		brge .L102
 1146 069e 2115      		cp r18,__zero_reg__
 1147 06a0 3105      		cpc r19,__zero_reg__
 1148 06a2 01F0      		breq .L96
 1149 06a4 2130      		cpi r18,1
 1150 06a6 3105      		cpc r19,__zero_reg__
 1151 06a8 01F0      		breq .+2
 1152 06aa 00C0      		rjmp .L84
 1153 06ac 00C0      		rjmp .L97
 1154               	.L102:
 1155 06ae 2430      		cpi r18,4
 1156 06b0 3105      		cpc r19,__zero_reg__
 1157 06b2 01F4      		brne .+2
 1158 06b4 00C0      		rjmp .L100
 1159 06b6 2430      		cpi r18,4
 1160 06b8 3105      		cpc r19,__zero_reg__
 1161 06ba 04F0      		brlt .L99
 1162 06bc 2530      		cpi r18,5
 1163 06be 3105      		cpc r19,__zero_reg__
 1164 06c0 01F0      		breq .+2
 1165 06c2 00C0      		rjmp .L84
 1166 06c4 00C0      		rjmp .L101
 1167               	.L96:
 1168               	.LM84:
 1169 06c6 2AB3      		in r18,58-0x20
 1170 06c8 33E0      		ldi r19,3
 1171 06ca 5695      	1:	lsr r21
 1172 06cc 4795      		ror r20
 1173 06ce 3A95      		dec r19
 1174 06d0 01F4      		brne 1b
 1175               	.LVL64:
 1176 06d2 81E0      		ldi r24,lo8(1)
 1177 06d4 90E0      		ldi r25,hi8(1)
 1178 06d6 00C0      		rjmp 2f
 1179 06d8 880F      	1:	lsl r24
 1180 06da 991F      		rol r25
 1181 06dc 4A95      	2:	dec r20
 1182 06de 02F4      		brpl 1b
 1183 06e0 282B      		or r18,r24
 1184 06e2 2ABB      		out 58-0x20,r18
 1185 06e4 00C0      		rjmp .L104
 1186               	.LVL65:
 1187               	.L97:
 1188               	.LM85:
 1189 06e6 87B3      		in r24,55-0x20
 1190 06e8 93E0      		ldi r25,3
 1191 06ea 5695      	1:	lsr r21
 1192 06ec 4795      		ror r20
 1193 06ee 9A95      		dec r25
 1194 06f0 01F4      		brne 1b
 1195               	.LVL66:
 1196 06f2 00C0      		rjmp 2f
 1197 06f4 220F      	1:	lsl r18
 1198 06f6 331F      		rol r19
 1199 06f8 4A95      	2:	dec r20
 1200 06fa 02F4      		brpl 1b
 1201 06fc 822B      		or r24,r18
 1202 06fe 87BB      		out 55-0x20,r24
 1203 0700 00C0      		rjmp .L104
 1204               	.LVL67:
 1205               	.L98:
 1206               	.LM86:
 1207 0702 24B3      		in r18,52-0x20
 1208 0704 B3E0      		ldi r27,3
 1209 0706 5695      	1:	lsr r21
 1210 0708 4795      		ror r20
 1211 070a BA95      		dec r27
 1212 070c 01F4      		brne 1b
 1213               	.LVL68:
 1214 070e 81E0      		ldi r24,lo8(1)
 1215 0710 90E0      		ldi r25,hi8(1)
 1216 0712 00C0      		rjmp 2f
 1217 0714 880F      	1:	lsl r24
 1218 0716 991F      		rol r25
 1219 0718 4A95      	2:	dec r20
 1220 071a 02F4      		brpl 1b
 1221 071c 282B      		or r18,r24
 1222 071e 24BB      		out 52-0x20,r18
 1223 0720 00C0      		rjmp .L104
 1224               	.LVL69:
 1225               	.L99:
 1226               	.LM87:
 1227 0722 21B3      		in r18,49-0x20
 1228 0724 A3E0      		ldi r26,3
 1229 0726 5695      	1:	lsr r21
 1230 0728 4795      		ror r20
 1231 072a AA95      		dec r26
 1232 072c 01F4      		brne 1b
 1233               	.LVL70:
 1234 072e 81E0      		ldi r24,lo8(1)
 1235 0730 90E0      		ldi r25,hi8(1)
 1236 0732 00C0      		rjmp 2f
 1237 0734 880F      	1:	lsl r24
 1238 0736 991F      		rol r25
 1239 0738 4A95      	2:	dec r20
 1240 073a 02F4      		brpl 1b
 1241 073c 282B      		or r18,r24
 1242 073e 21BB      		out 49-0x20,r18
 1243 0740 00C0      		rjmp .L104
 1244               	.LVL71:
 1245               	.L100:
 1246               	.LM88:
 1247 0742 22B1      		in r18,34-0x20
 1248 0744 F3E0      		ldi r31,3
 1249 0746 5695      	1:	lsr r21
 1250 0748 4795      		ror r20
 1251 074a FA95      		dec r31
 1252 074c 01F4      		brne 1b
 1253               	.LVL72:
 1254 074e 81E0      		ldi r24,lo8(1)
 1255 0750 90E0      		ldi r25,hi8(1)
 1256 0752 00C0      		rjmp 2f
 1257 0754 880F      	1:	lsl r24
 1258 0756 991F      		rol r25
 1259 0758 4A95      	2:	dec r20
 1260 075a 02F4      		brpl 1b
 1261 075c 282B      		or r18,r24
 1262 075e 22B9      		out 34-0x20,r18
 1263 0760 00C0      		rjmp .L104
 1264               	.LVL73:
 1265               	.L101:
 1266               	.LM89:
 1267 0762 2091 6100 		lds r18,97
 1268 0766 E3E0      		ldi r30,3
 1269 0768 5695      	1:	lsr r21
 1270 076a 4795      		ror r20
 1271 076c EA95      		dec r30
 1272 076e 01F4      		brne 1b
 1273               	.LVL74:
 1274 0770 81E0      		ldi r24,lo8(1)
 1275 0772 90E0      		ldi r25,hi8(1)
 1276 0774 00C0      		rjmp 2f
 1277 0776 880F      	1:	lsl r24
 1278 0778 991F      		rol r25
 1279 077a 4A95      	2:	dec r20
 1280 077c 02F4      		brpl 1b
 1281 077e 282B      		or r18,r24
 1282 0780 2093 6100 		sts 97,r18
 1283               	.L104:
 1284 0784 81E0      		ldi r24,lo8(1)
 1285 0786 90E0      		ldi r25,hi8(1)
 1286 0788 0895      		ret
 1287               	.LVL75:
 1288               	.L84:
 1289 078a 8FEF      		ldi r24,lo8(-1)
 1290 078c 9FEF      		ldi r25,hi8(-1)
 1291               	.LM90:
 1292 078e 0895      		ret
 1293               	/* epilogue: frame size=0 */
 1294               	/* epilogue: noreturn */
 1295               	/* epilogue end (size=0) */
 1296               	/* function nrk_gpio_direction size 308 (308) */
 1297               	.LFE12:
 1299               	.global	nrk_get_button
 1301               	nrk_get_button:
 1302               	.LFB13:
 1303               	.LM91:
 1304               	/* prologue: frame size=0 */
 1305               	/* prologue end (size=0) */
 1306               	.LVL76:
 1307               	.LM92:
 1308 0790 8823      		tst r24
 1309 0792 01F0      		breq .L106
 1310               	.LM93:
 1311 0794 8FEF      		ldi r24,lo8(-1)
 1312 0796 9FEF      		ldi r25,hi8(-1)
 1313               	.LVL77:
 1314 0798 0895      		ret
 1315               	.LVL78:
 1316               	.L106:
 1317               	.LM94:
 1318 079a 89B3      		in r24,57-0x20
 1319               	.LVL79:
 1320 079c 9927      		clr r25
 1321 079e 87FD      		sbrc r24,7
 1322 07a0 9095      		com r25
 1323 07a2 8095      		com r24
 1324 07a4 9095      		com r25
 1325 07a6 8827      		clr r24
 1326 07a8 990F      		lsl r25
 1327 07aa 881F      		rol r24
 1328 07ac 9927      		clr r25
 1329               	.LM95:
 1330 07ae 0895      		ret
 1331               	/* epilogue: frame size=0 */
 1332               	/* epilogue: noreturn */
 1333               	/* epilogue end (size=0) */
 1334               	/* function nrk_get_button size 16 (16) */
 1335               	.LFE13:
 1337               	.global	nrk_led_toggle
 1339               	nrk_led_toggle:
 1340               	.LFB14:
 1341               	.LM96:
 1342               	/* prologue: frame size=0 */
 1343               	/* prologue end (size=0) */
 1344               	.LVL80:
 1345               	.LM97:
 1346 07b0 0097      		sbiw r24,0
 1347 07b2 01F4      		brne .L112
 1348               	.LM98:
 1349 07b4 84E1      		ldi r24,lo8(20)
 1350               	.LVL81:
 1351 07b6 00C0      		rjmp .L122
 1352               	.LVL82:
 1353               	.L112:
 1354               	.LM99:
 1355 07b8 8130      		cpi r24,1
 1356 07ba 9105      		cpc r25,__zero_reg__
 1357 07bc 01F4      		brne .L115
 1358 07be 8CE1      		ldi r24,lo8(28)
 1359               	.LVL83:
 1360 07c0 00C0      		rjmp .L122
 1361               	.LVL84:
 1362               	.L115:
 1363               	.LM100:
 1364 07c2 8230      		cpi r24,2
 1365 07c4 9105      		cpc r25,__zero_reg__
 1366 07c6 01F4      		brne .L117
 1367 07c8 84E2      		ldi r24,lo8(36)
 1368               	.LVL85:
 1369               	.L122:
 1370 07ca 0E94 0000 		call nrk_gpio_toggle
 1371 07ce 81E0      		ldi r24,lo8(1)
 1372 07d0 90E0      		ldi r25,hi8(1)
 1373 07d2 0895      		ret
 1374               	.LVL86:
 1375               	.L117:
 1376               	.LM101:
 1377 07d4 0397      		sbiw r24,3
 1378 07d6 01F0      		breq .L119
 1379 07d8 8FEF      		ldi r24,lo8(-1)
 1380 07da 9FEF      		ldi r25,hi8(-1)
 1381               	.LVL87:
 1382 07dc 0895      		ret
 1383               	.LVL88:
 1384               	.L119:
 1385 07de 8CE2      		ldi r24,lo8(44)
 1386               	.LVL89:
 1387 07e0 0E94 0000 		call nrk_gpio_toggle
 1388 07e4 81E0      		ldi r24,lo8(1)
 1389 07e6 90E0      		ldi r25,hi8(1)
 1390               	.LM102:
 1391 07e8 0895      		ret
 1392               	/* epilogue: frame size=0 */
 1393               	/* epilogue: noreturn */
 1394               	/* epilogue end (size=0) */
 1395               	/* function nrk_led_toggle size 30 (30) */
 1396               	.LFE14:
 1398               	.global	nrk_led_clr
 1400               	nrk_led_clr:
 1401               	.LFB15:
 1402               	.LM103:
 1403               	/* prologue: frame size=0 */
 1404               	/* prologue end (size=0) */
 1405               	.LVL90:
 1406               	.LM104:
 1407 07ea 0097      		sbiw r24,0
 1408 07ec 01F4      		brne .L124
 1409               	.LM105:
 1410 07ee 84E1      		ldi r24,lo8(20)
 1411               	.LVL91:
 1412 07f0 00C0      		rjmp .L134
 1413               	.LVL92:
 1414               	.L124:
 1415               	.LM106:
 1416 07f2 8130      		cpi r24,1
 1417 07f4 9105      		cpc r25,__zero_reg__
 1418 07f6 01F4      		brne .L127
 1419 07f8 8CE1      		ldi r24,lo8(28)
 1420               	.LVL93:
 1421 07fa 00C0      		rjmp .L134
 1422               	.LVL94:
 1423               	.L127:
 1424               	.LM107:
 1425 07fc 8230      		cpi r24,2
 1426 07fe 9105      		cpc r25,__zero_reg__
 1427 0800 01F4      		brne .L129
 1428 0802 84E2      		ldi r24,lo8(36)
 1429               	.LVL95:
 1430               	.L134:
 1431 0804 0E94 0000 		call nrk_gpio_set
 1432 0808 81E0      		ldi r24,lo8(1)
 1433 080a 90E0      		ldi r25,hi8(1)
 1434 080c 0895      		ret
 1435               	.LVL96:
 1436               	.L129:
 1437               	.LM108:
 1438 080e 0397      		sbiw r24,3
 1439 0810 01F0      		breq .L131
 1440 0812 8FEF      		ldi r24,lo8(-1)
 1441 0814 9FEF      		ldi r25,hi8(-1)
 1442               	.LVL97:
 1443 0816 0895      		ret
 1444               	.LVL98:
 1445               	.L131:
 1446 0818 8CE2      		ldi r24,lo8(44)
 1447               	.LVL99:
 1448 081a 0E94 0000 		call nrk_gpio_set
 1449 081e 81E0      		ldi r24,lo8(1)
 1450 0820 90E0      		ldi r25,hi8(1)
 1451               	.LM109:
 1452 0822 0895      		ret
 1453               	/* epilogue: frame size=0 */
 1454               	/* epilogue: noreturn */
 1455               	/* epilogue end (size=0) */
 1456               	/* function nrk_led_clr size 30 (30) */
 1457               	.LFE15:
 1459               	.global	nrk_led_set
 1461               	nrk_led_set:
 1462               	.LFB16:
 1463               	.LM110:
 1464               	/* prologue: frame size=0 */
 1465               	/* prologue end (size=0) */
 1466               	.LVL100:
 1467               	.LM111:
 1468 0824 0097      		sbiw r24,0
 1469 0826 01F4      		brne .L136
 1470               	.LM112:
 1471 0828 84E1      		ldi r24,lo8(20)
 1472               	.LVL101:
 1473 082a 00C0      		rjmp .L146
 1474               	.LVL102:
 1475               	.L136:
 1476               	.LM113:
 1477 082c 8130      		cpi r24,1
 1478 082e 9105      		cpc r25,__zero_reg__
 1479 0830 01F4      		brne .L139
 1480 0832 8CE1      		ldi r24,lo8(28)
 1481               	.LVL103:
 1482 0834 00C0      		rjmp .L146
 1483               	.LVL104:
 1484               	.L139:
 1485               	.LM114:
 1486 0836 8230      		cpi r24,2
 1487 0838 9105      		cpc r25,__zero_reg__
 1488 083a 01F4      		brne .L141
 1489 083c 84E2      		ldi r24,lo8(36)
 1490               	.LVL105:
 1491               	.L146:
 1492 083e 0E94 0000 		call nrk_gpio_clr
 1493 0842 81E0      		ldi r24,lo8(1)
 1494 0844 90E0      		ldi r25,hi8(1)
 1495 0846 0895      		ret
 1496               	.LVL106:
 1497               	.L141:
 1498               	.LM115:
 1499 0848 0397      		sbiw r24,3
 1500 084a 01F0      		breq .L143
 1501 084c 8FEF      		ldi r24,lo8(-1)
 1502 084e 9FEF      		ldi r25,hi8(-1)
 1503               	.LVL107:
 1504 0850 0895      		ret
 1505               	.LVL108:
 1506               	.L143:
 1507 0852 8CE2      		ldi r24,lo8(44)
 1508               	.LVL109:
 1509 0854 0E94 0000 		call nrk_gpio_clr
 1510 0858 81E0      		ldi r24,lo8(1)
 1511 085a 90E0      		ldi r25,hi8(1)
 1512               	.LM116:
 1513 085c 0895      		ret
 1514               	/* epilogue: frame size=0 */
 1515               	/* epilogue: noreturn */
 1516               	/* epilogue end (size=0) */
 1517               	/* function nrk_led_set size 30 (30) */
 1518               	.LFE16:
 1520               	.global	IO_SET_E
 1522               	IO_SET_E:
 1523               	.LFB17:
 1524               	.LM117:
 1525               	/* prologue: frame size=0 */
 1526               	/* prologue end (size=0) */
 1527               	.LVL110:
 1528               	.LM118:
 1529 085e 93B1      		in r25,35-0x20
 1530 0860 21E0      		ldi r18,lo8(1)
 1531 0862 30E0      		ldi r19,hi8(1)
 1532 0864 00C0      		rjmp 2f
 1533 0866 220F      	1:	lsl r18
 1534 0868 331F      		rol r19
 1535 086a 8A95      	2:	dec r24
 1536 086c 02F4      		brpl 1b
 1537 086e 922B      		or r25,r18
 1538 0870 93B9      		out 35-0x20,r25
 1539               	/* epilogue: frame size=0 */
 1540 0872 0895      		ret
 1541               	/* epilogue end (size=1) */
 1542               	/* function IO_SET_E size 12 (11) */
 1543               	.LFE17:
 1545               	.global	IO_CLR_E
 1547               	IO_CLR_E:
 1548               	.LFB18:
 1549               	.LM119:
 1550               	/* prologue: frame size=0 */
 1551               	/* prologue end (size=0) */
 1552               	.LVL111:
 1553               	.LM120:
 1554 0874 93B1      		in r25,35-0x20
 1555 0876 21E0      		ldi r18,lo8(1)
 1556 0878 30E0      		ldi r19,hi8(1)
 1557 087a 00C0      		rjmp 2f
 1558 087c 220F      	1:	lsl r18
 1559 087e 331F      		rol r19
 1560 0880 8A95      	2:	dec r24
 1561 0882 02F4      		brpl 1b
 1562 0884 2095      		com r18
 1563 0886 2923      		and r18,r25
 1564 0888 23B9      		out 35-0x20,r18
 1565               	/* epilogue: frame size=0 */
 1566 088a 0895      		ret
 1567               	/* epilogue end (size=1) */
 1568               	/* function IO_CLR_E size 13 (12) */
 1569               	.LFE18:
 1571               	.global	IO_SET_F
 1573               	IO_SET_F:
 1574               	.LFB19:
 1575               	.LM121:
 1576               	/* prologue: frame size=0 */
 1577               	/* prologue end (size=0) */
 1578               	.LVL112:
 1579               	.LM122:
 1580 088c E2E6      		ldi r30,lo8(98)
 1581 088e F0E0      		ldi r31,hi8(98)
 1582 0890 9081      		ld r25,Z
 1583 0892 21E0      		ldi r18,lo8(1)
 1584 0894 30E0      		ldi r19,hi8(1)
 1585 0896 00C0      		rjmp 2f
 1586 0898 220F      	1:	lsl r18
 1587 089a 331F      		rol r19
 1588 089c 8A95      	2:	dec r24
 1589 089e 02F4      		brpl 1b
 1590 08a0 922B      		or r25,r18
 1591 08a2 9083      		st Z,r25
 1592               	/* epilogue: frame size=0 */
 1593 08a4 0895      		ret
 1594               	/* epilogue end (size=1) */
 1595               	/* function IO_SET_F size 14 (13) */
 1596               	.LFE19:
 1598               	.global	IO_CLR_F
 1600               	IO_CLR_F:
 1601               	.LFB20:
 1602               	.LM123:
 1603               	/* prologue: frame size=0 */
 1604               	/* prologue end (size=0) */
 1605               	.LVL113:
 1606               	.LM124:
 1607 08a6 E2E6      		ldi r30,lo8(98)
 1608 08a8 F0E0      		ldi r31,hi8(98)
 1609 08aa 9081      		ld r25,Z
 1610 08ac 21E0      		ldi r18,lo8(1)
 1611 08ae 30E0      		ldi r19,hi8(1)
 1612 08b0 00C0      		rjmp 2f
 1613 08b2 220F      	1:	lsl r18
 1614 08b4 331F      		rol r19
 1615 08b6 8A95      	2:	dec r24
 1616 08b8 02F4      		brpl 1b
 1617 08ba 2095      		com r18
 1618 08bc 2923      		and r18,r25
 1619 08be 2083      		st Z,r18
 1620               	/* epilogue: frame size=0 */
 1621 08c0 0895      		ret
 1622               	/* epilogue end (size=1) */
 1623               	/* function IO_CLR_F size 15 (14) */
 1624               	.LFE20:
 1626               	.global	putc0
 1628               	putc0:
 1629               	.LFB21:
 1630               	.LM125:
 1631               	/* prologue: frame size=0 */
 1632               	/* prologue end (size=0) */
 1633               	.LVL114:
 1634               	.L157:
 1635               	.LM126:
 1636 08c2 5D9B      		sbis 43-0x20,5
 1637 08c4 00C0      		rjmp .L157
 1638               	.LM127:
 1639 08c6 5D98      		cbi 43-0x20,5
 1640 08c8 8CB9      		out 44-0x20,r24
 1641               	/* epilogue: frame size=0 */
 1642 08ca 0895      		ret
 1643               	/* epilogue end (size=1) */
 1644               	/* function putc0 size 5 (4) */
 1645               	.LFE21:
 1647               	.global	putc1
 1649               	putc1:
 1650               	.LFB22:
 1651               	.LM128:
 1652               	/* prologue: frame size=0 */
 1653               	/* prologue end (size=0) */
 1654               	.LVL115:
 1655 08cc 982F      		mov r25,r24
 1656               	.LVL116:
 1657               	.L164:
 1658               	.LM129:
 1659 08ce 8091 9B00 		lds r24,155
 1660 08d2 85FF      		sbrs r24,5
 1661 08d4 00C0      		rjmp .L164
 1662 08d6 9093 9C00 		sts 156,r25
 1663               	/* epilogue: frame size=0 */
 1664 08da 0895      		ret
 1665               	/* epilogue end (size=1) */
 1666               	/* function putc1 size 8 (7) */
 1667               	.LFE22:
 1669               	.global	setup_uart0
 1671               	setup_uart0:
 1672               	.LFB23:
 1673               	.LM130:
 1674               	/* prologue: frame size=0 */
 1675               	/* prologue end (size=0) */
 1676               	.LVL117:
 1677               	.LM131:
 1678 08dc 292F      		mov r18,r25
 1679 08de 3327      		clr r19
 1680 08e0 2093 9000 		sts 144,r18
 1681 08e4 89B9      		out 41-0x20,r24
 1682 08e6 86E0      		ldi r24,lo8(6)
 1683               	.LVL118:
 1684 08e8 8093 9500 		sts 149,r24
 1685 08ec 5298      		cbi 42-0x20,2
 1686 08ee 599A      		sbi 43-0x20,1
 1687               	.LM132:
 1688 08f0 8AB1      		in r24,42-0x20
 1689 08f2 8861      		ori r24,lo8(24)
 1690 08f4 8AB9      		out 42-0x20,r24
 1691               	/* epilogue: frame size=0 */
 1692 08f6 0895      		ret
 1693               	/* epilogue end (size=1) */
 1694               	/* function setup_uart0 size 14 (13) */
 1695               	.LFE23:
 1697               	.global	setup_uart1
 1699               	setup_uart1:
 1700               	.LFB24:
 1701               	.LM133:
 1702               	/* prologue: frame size=0 */
 1703               	/* prologue end (size=0) */
 1704               	.LVL119:
 1705               	.LM134:
 1706 08f8 292F      		mov r18,r25
 1707 08fa 3327      		clr r19
 1708 08fc 2093 9800 		sts 152,r18
 1709 0900 8093 9900 		sts 153,r24
 1710 0904 86E0      		ldi r24,lo8(6)
 1711               	.LVL120:
 1712 0906 8093 9D00 		sts 157,r24
 1713 090a EAE9      		ldi r30,lo8(154)
 1714 090c F0E0      		ldi r31,hi8(154)
 1715 090e 8081      		ld r24,Z
 1716 0910 8B7F      		andi r24,lo8(-5)
 1717 0912 8083      		st Z,r24
 1718 0914 ABE9      		ldi r26,lo8(155)
 1719 0916 B0E0      		ldi r27,hi8(155)
 1720 0918 8C91      		ld r24,X
 1721 091a 8260      		ori r24,lo8(2)
 1722 091c 8C93      		st X,r24
 1723               	.LM135:
 1724 091e 8081      		ld r24,Z
 1725 0920 8861      		ori r24,lo8(24)
 1726 0922 8083      		st Z,r24
 1727               	/* epilogue: frame size=0 */
 1728 0924 0895      		ret
 1729               	/* epilogue end (size=1) */
 1730               	/* function setup_uart1 size 23 (22) */
 1731               	.LFE24:
 1733               	.global	getc0
 1735               	getc0:
 1736               	.LFB26:
 1737               	.LM136:
 1738               	/* prologue: frame size=0 */
 1739               	/* prologue end (size=0) */
 1740               	.L175:
 1741               	.LM137:
 1742 0926 5F9B      		sbis 43-0x20,7
 1743 0928 00C0      		rjmp .L175
 1744               	.LM138:
 1745 092a 5F98      		cbi 43-0x20,7
 1746 092c 8CB1      		in r24,44-0x20
 1747               	.LVL121:
 1748               	.LM139:
 1749 092e 90E0      		ldi r25,lo8(0)
 1750               	.LVL122:
 1751               	/* epilogue: frame size=0 */
 1752 0930 0895      		ret
 1753               	/* epilogue end (size=1) */
 1754               	/* function getc0 size 6 (5) */
 1755               	.LFE26:
 1757               	.global	nrk_setup_uart
 1759               	nrk_setup_uart:
 1760               	.LFB25:
 1761               	.LM140:
 1762               	/* prologue: frame size=0 */
 1763 0932 EF92      		push r14
 1764 0934 FF92      		push r15
 1765 0936 0F93      		push r16
 1766 0938 1F93      		push r17
 1767               	/* prologue end (size=4) */
 1768               	.LVL123:
 1769               	.LM141:
 1770 093a 0E94 0000 		call setup_uart1
 1771               	.LVL124:
 1772               	.LM142:
 1773 093e 00E0      		ldi r16,lo8(gs(getc1))
 1774 0940 10E0      		ldi r17,hi8(gs(getc1))
 1775 0942 50E0      		ldi r21,lo8(gs(putc1))
 1776 0944 E52E      		mov r14,r21
 1777 0946 50E0      		ldi r21,hi8(gs(putc1))
 1778 0948 F52E      		mov r15,r21
 1779 094a B801      		movw r22,r16
 1780 094c C701      		movw r24,r14
 1781 094e 0E94 0000 		call fdevopen
 1782 0952 9093 0000 		sts (__iob+2)+1,r25
 1783 0956 8093 0000 		sts __iob+2,r24
 1784               	.LM143:
 1785 095a B801      		movw r22,r16
 1786 095c C701      		movw r24,r14
 1787 095e 0E94 0000 		call fdevopen
 1788 0962 9093 0000 		sts (__iob)+1,r25
 1789 0966 8093 0000 		sts __iob,r24
 1790               	/* epilogue: frame size=0 */
 1791 096a 1F91      		pop r17
 1792 096c 0F91      		pop r16
 1793 096e FF90      		pop r15
 1794 0970 EF90      		pop r14
 1795 0972 0895      		ret
 1796               	/* epilogue end (size=5) */
 1797               	/* function nrk_setup_uart size 33 (24) */
 1798               	.LFE25:
 1800               	.global	nrk_kprintf
 1802               	nrk_kprintf:
 1803               	.LFB6:
 1804               	.LM144:
 1805               	/* prologue: frame size=0 */
 1806 0974 CF93      		push r28
 1807 0976 DF93      		push r29
 1808               	/* prologue end (size=2) */
 1809               	.LVL125:
 1810 0978 EC01      		movw r28,r24
 1811 097a 00C0      		rjmp .L183
 1812               	.LVL126:
 1813               	.L184:
 1814               	.LM145:
 1815 097c 6091 0000 		lds r22,__iob+2
 1816 0980 7091 0000 		lds r23,(__iob+2)+1
 1817 0984 90E0      		ldi r25,lo8(0)
 1818               	.LVL127:
 1819 0986 0E94 0000 		call fputc
 1820               	.LVL128:
 1821               	.L183:
 1822 098a FE01      		movw r30,r28
 1823               	.LVL129:
 1824               	.LBB2:
 1825               	.LM146:
 1826 098c 2196      		adiw r28,1
 1827               	/* #APP */
 1828 098e 8491      		lpm r24, Z
 1829               		
 1830               	.LVL130:
 1831               	/* #NOAPP */
 1832               	.LBE2:
 1833 0990 8823      		tst r24
 1834 0992 01F4      		brne .L184
 1835               	/* epilogue: frame size=0 */
 1836 0994 DF91      		pop r29
 1837 0996 CF91      		pop r28
 1838 0998 0895      		ret
 1839               	/* epilogue end (size=3) */
 1840               	/* function nrk_kprintf size 22 (17) */
 1841               	.LFE6:
 1843               	.global	NRK_DEBUG_0
 1844               		.data
 1847               	NRK_DEBUG_0:
 1848 0000 18        		.byte	24
 1849               	.global	NRK_DEBUG_1
 1852               	NRK_DEBUG_1:
 1853 0001 20        		.byte	32
 1854               	.global	NRK_BUTTON
 1857               	NRK_BUTTON:
 1858 0002 38        		.byte	56
 1859               	.global	NRK_SPI_SS
 1862               	NRK_SPI_SS:
 1863 0003 01        		.byte	1
 1864               	.global	NRK_SCK
 1867               	NRK_SCK:
 1868 0004 09        		.byte	9
 1869               	.global	NRK_MOSI
 1872               	NRK_MOSI:
 1873 0005 11        		.byte	17
 1874               	.global	NRK_MISO
 1877               	NRK_MISO:
 1878 0006 19        		.byte	25
 1879               	.global	NRK_GPIO26
 1882               	NRK_GPIO26:
 1883 0007 21        		.byte	33
 1884               	.global	NRK_GPIO28
 1887               	NRK_GPIO28:
 1888 0008 29        		.byte	41
 1889               	.global	NRK_UART1_RXD
 1892               	NRK_UART1_RXD:
 1893 0009 13        		.byte	19
 1894               	.global	NRK_UART1_TXD
 1897               	NRK_UART1_TXD:
 1898 000a 1B        		.byte	27
 1899               	.global	NRK_CCA
 1902               	NRK_CCA:
 1903 000b 23        		.byte	35
 1904               	.global	NRK_SFD
 1907               	NRK_SFD:
 1908 000c 33        		.byte	51
 1909               	.global	NRK_UART0_RXD
 1912               	NRK_UART0_RXD:
 1913 000d 04        		.byte	4
 1914               	.global	NRK_UART0_TXD
 1917               	NRK_UART0_TXD:
 1918 000e 0C        		.byte	12
 1919               	.global	NRK_LED_0
 1922               	NRK_LED_0:
 1923 000f 14        		.byte	20
 1924               	.global	NRK_LED_1
 1927               	NRK_LED_1:
 1928 0010 1C        		.byte	28
 1929               	.global	NRK_LED_2
 1932               	NRK_LED_2:
 1933 0011 24        		.byte	36
 1934               	.global	NRK_LED_3
 1937               	NRK_LED_3:
 1938 0012 2C        		.byte	44
 1939               	.global	NRK_GPIO34
 1942               	NRK_GPIO34:
 1943 0013 34        		.byte	52
 1944               	.global	NRK_FIFOP
 1947               	NRK_FIFOP:
 1948 0014 3C        		.byte	60
 1949               	.global	NRK_ADC_INPUT_0
 1952               	NRK_ADC_INPUT_0:
 1953 0015 05        		.byte	5
 1954               	.global	NRK_ADC_INPUT_1
 1957               	NRK_ADC_INPUT_1:
 1958 0016 0D        		.byte	13
 1959               	.global	NRK_ADC_INPUT_2
 1962               	NRK_ADC_INPUT_2:
 1963 0017 15        		.byte	21
 1964               	.global	NRK_ADC_INPUT_3
 1967               	NRK_ADC_INPUT_3:
 1968 0018 1D        		.byte	29
 1969               	.global	NRK_ADC_INPUT_4
 1972               	NRK_ADC_INPUT_4:
 1973 0019 25        		.byte	37
 1974               	.global	NRK_ADC_INPUT_5
 1977               	NRK_ADC_INPUT_5:
 1978 001a 2D        		.byte	45
 1979               	.global	NRK_ADC_INPUT_6
 1982               	NRK_ADC_INPUT_6:
 1983 001b 35        		.byte	53
 1984               	.global	NRK_ADC_INPUT_7
 1987               	NRK_ADC_INPUT_7:
 1988 001c 3D        		.byte	61
 1989               		.comm _nrk_signal_list,4,1
 1990               		.comm error_task,1,1
 1991               		.comm error_num,1,1
 2200               	.Letext0:
DEFINED SYMBOLS
                            *ABS*:00000000 ulib.c
C:\cygwin\tmp/cciBgfmV.s:2      *ABS*:0000003f __SREG__
C:\cygwin\tmp/cciBgfmV.s:3      *ABS*:0000003e __SP_H__
C:\cygwin\tmp/cciBgfmV.s:4      *ABS*:0000003d __SP_L__
C:\cygwin\tmp/cciBgfmV.s:5      *ABS*:00000000 __tmp_reg__
C:\cygwin\tmp/cciBgfmV.s:6      *ABS*:00000001 __zero_reg__
C:\cygwin\tmp/cciBgfmV.s:19     .text:00000000 nrk_uart_rx_signal_get
C:\cygwin\tmp/cciBgfmV.s:35     .text:00000006 nrk_uart_data_ready
C:\cygwin\tmp/cciBgfmV.s:71     .text:00000024 getc1
C:\cygwin\tmp/cciBgfmV.s:98     .text:0000003e nrk_setup_ports
C:\cygwin\tmp/cciBgfmV.s:131    .text:00000064 nrk_gpio_set
C:\cygwin\tmp/cciBgfmV.s:309    .text:00000172 nrk_gpio_clr
C:\cygwin\tmp/cciBgfmV.s:494    .text:0000028e nrk_gpio_get
C:\cygwin\tmp/cciBgfmV.s:608    .text:00000328 nrk_gpio_toggle
C:\cygwin\tmp/cciBgfmV.s:937    .text:00000542 nrk_gpio_direction
C:\cygwin\tmp/cciBgfmV.s:1301   .text:00000790 nrk_get_button
C:\cygwin\tmp/cciBgfmV.s:1339   .text:000007b0 nrk_led_toggle
C:\cygwin\tmp/cciBgfmV.s:1400   .text:000007ea nrk_led_clr
C:\cygwin\tmp/cciBgfmV.s:1461   .text:00000824 nrk_led_set
C:\cygwin\tmp/cciBgfmV.s:1522   .text:0000085e IO_SET_E
C:\cygwin\tmp/cciBgfmV.s:1547   .text:00000874 IO_CLR_E
C:\cygwin\tmp/cciBgfmV.s:1573   .text:0000088c IO_SET_F
C:\cygwin\tmp/cciBgfmV.s:1600   .text:000008a6 IO_CLR_F
C:\cygwin\tmp/cciBgfmV.s:1628   .text:000008c2 putc0
C:\cygwin\tmp/cciBgfmV.s:1649   .text:000008cc putc1
C:\cygwin\tmp/cciBgfmV.s:1671   .text:000008dc setup_uart0
C:\cygwin\tmp/cciBgfmV.s:1699   .text:000008f8 setup_uart1
C:\cygwin\tmp/cciBgfmV.s:1735   .text:00000926 getc0
C:\cygwin\tmp/cciBgfmV.s:1759   .text:00000932 nrk_setup_uart
C:\cygwin\tmp/cciBgfmV.s:1802   .text:00000974 nrk_kprintf
C:\cygwin\tmp/cciBgfmV.s:1847   .data:00000000 NRK_DEBUG_0
C:\cygwin\tmp/cciBgfmV.s:1852   .data:00000001 NRK_DEBUG_1
C:\cygwin\tmp/cciBgfmV.s:1857   .data:00000002 NRK_BUTTON
C:\cygwin\tmp/cciBgfmV.s:1862   .data:00000003 NRK_SPI_SS
C:\cygwin\tmp/cciBgfmV.s:1867   .data:00000004 NRK_SCK
C:\cygwin\tmp/cciBgfmV.s:1872   .data:00000005 NRK_MOSI
C:\cygwin\tmp/cciBgfmV.s:1877   .data:00000006 NRK_MISO
C:\cygwin\tmp/cciBgfmV.s:1882   .data:00000007 NRK_GPIO26
C:\cygwin\tmp/cciBgfmV.s:1887   .data:00000008 NRK_GPIO28
C:\cygwin\tmp/cciBgfmV.s:1892   .data:00000009 NRK_UART1_RXD
C:\cygwin\tmp/cciBgfmV.s:1897   .data:0000000a NRK_UART1_TXD
C:\cygwin\tmp/cciBgfmV.s:1902   .data:0000000b NRK_CCA
C:\cygwin\tmp/cciBgfmV.s:1907   .data:0000000c NRK_SFD
C:\cygwin\tmp/cciBgfmV.s:1912   .data:0000000d NRK_UART0_RXD
C:\cygwin\tmp/cciBgfmV.s:1917   .data:0000000e NRK_UART0_TXD
C:\cygwin\tmp/cciBgfmV.s:1922   .data:0000000f NRK_LED_0
C:\cygwin\tmp/cciBgfmV.s:1927   .data:00000010 NRK_LED_1
C:\cygwin\tmp/cciBgfmV.s:1932   .data:00000011 NRK_LED_2
C:\cygwin\tmp/cciBgfmV.s:1937   .data:00000012 NRK_LED_3
C:\cygwin\tmp/cciBgfmV.s:1942   .data:00000013 NRK_GPIO34
C:\cygwin\tmp/cciBgfmV.s:1947   .data:00000014 NRK_FIFOP
C:\cygwin\tmp/cciBgfmV.s:1952   .data:00000015 NRK_ADC_INPUT_0
C:\cygwin\tmp/cciBgfmV.s:1957   .data:00000016 NRK_ADC_INPUT_1
C:\cygwin\tmp/cciBgfmV.s:1962   .data:00000017 NRK_ADC_INPUT_2
C:\cygwin\tmp/cciBgfmV.s:1967   .data:00000018 NRK_ADC_INPUT_3
C:\cygwin\tmp/cciBgfmV.s:1972   .data:00000019 NRK_ADC_INPUT_4
C:\cygwin\tmp/cciBgfmV.s:1977   .data:0000001a NRK_ADC_INPUT_5
C:\cygwin\tmp/cciBgfmV.s:1982   .data:0000001b NRK_ADC_INPUT_6
C:\cygwin\tmp/cciBgfmV.s:1987   .data:0000001c NRK_ADC_INPUT_7
                            *COM*:00000004 _nrk_signal_list
                            *COM*:00000001 error_task
                            *COM*:00000001 error_num

UNDEFINED SYMBOLS
__do_copy_data
__do_clear_bss
fdevopen
__iob
fputc
