   1               		.file	"nrk_task.c"
   2               	__SREG__ = 0x3f
   3               	__SP_H__ = 0x3e
   4               	__SP_L__ = 0x3d
   5               	__CCP__  = 0x34
   6               	__tmp_reg__ = 0
   7               	__zero_reg__ = 1
  15               	.Ltext0:
  16               	.global	nrk_get_high_ready_task_ID
  18               	nrk_get_high_ready_task_ID:
  19               	.LFB3:
  20               	.LM1:
  21               	/* prologue: function */
  22               	/* frame size = 0 */
  23               	.LM2:
  24 0000 E091 0000 		lds r30,_head_node
  25 0004 F091 0000 		lds r31,(_head_node)+1
  26               	.LM3:
  27 0008 8081      		ld r24,Z
  28               	/* epilogue start */
  29 000a 0895      		ret
  30               	.LFE3:
  32               	.global	nrk_print_readyQ
  34               	nrk_print_readyQ:
  35               	.LFB4:
  36               	.LM4:
  37               	/* prologue: function */
  38               	/* frame size = 0 */
  39               	.LM5:
  40 000c E091 0000 		lds r30,_head_node
  41 0010 F091 0000 		lds r31,(_head_node)+1
  42               	.LVL0:
  43 0014 00C0      		rjmp .L4
  44               	.L5:
  45               	.LM6:
  46 0016 0380      		ldd __tmp_reg__,Z+3
  47 0018 F481      		ldd r31,Z+4
  48 001a E02D      		mov r30,__tmp_reg__
  49               	.L4:
  50               	.LM7:
  51 001c 3097      		sbiw r30,0
  52 001e 01F4      		brne .L5
  53               	/* epilogue start */
  54               	.LM8:
  55 0020 0895      		ret
  56               	.LFE4:
  58               	.global	nrk_rem_from_readyQ
  60               	nrk_rem_from_readyQ:
  61               	.LFB6:
  62               	.LM9:
  63               	.LVL1:
  64 0022 CF93      		push r28
  65 0024 DF93      		push r29
  66               	/* prologue: function */
  67               	/* frame size = 0 */
  68               	.LM10:
  69 0026 A091 0000 		lds r26,_head_node
  70 002a B091 0000 		lds r27,(_head_node)+1
  71               	.LVL2:
  72 002e 1097      		sbiw r26,0
  73 0030 01F4      		brne .+2
  74 0032 00C0      		rjmp .L16
  75               	.LM11:
  76 0034 282F      		mov r18,r24
  77 0036 3327      		clr r19
  78 0038 27FD      		sbrc r18,7
  79 003a 3095      		com r19
  80 003c 8C91      		ld r24,X
  81               	.LVL3:
  82 003e 90E0      		ldi r25,lo8(0)
  83 0040 8217      		cp r24,r18
  84 0042 9307      		cpc r25,r19
  85 0044 01F4      		brne .L17
  86               	.LM12:
  87 0046 1396      		adiw r26,3
  88 0048 ED91      		ld r30,X+
  89 004a FC91      		ld r31,X
  90 004c 1497      		sbiw r26,3+1
  91 004e F093 0000 		sts (_head_node)+1,r31
  92 0052 E093 0000 		sts _head_node,r30
  93               	.LM13:
  94 0056 1282      		std Z+2,__zero_reg__
  95 0058 1182      		std Z+1,__zero_reg__
  96 005a 00C0      		rjmp .L10
  97               	.L11:
  98               	.LM14:
  99 005c DA01      		movw r26,r20
 100               	.LM15:
 101 005e 4115      		cp r20,__zero_reg__
 102 0060 5105      		cpc r21,__zero_reg__
 103 0062 01F0      		breq .L16
 104               	.L17:
 105 0064 8C91      		ld r24,X
 106 0066 90E0      		ldi r25,lo8(0)
 107 0068 1396      		adiw r26,3
 108 006a 4C91      		ld r20,X
 109 006c 1397      		sbiw r26,3
 110 006e 1496      		adiw r26,4
 111 0070 5C91      		ld r21,X
 112 0072 1497      		sbiw r26,4
 113 0074 8217      		cp r24,r18
 114 0076 9307      		cpc r25,r19
 115 0078 01F4      		brne .L11
 116 007a 00C0      		rjmp .L19
 117               	.L15:
 118               	.LM16:
 119 007c FA83      		std Y+2,r31
 120 007e E983      		std Y+1,r30
 121               	.L10:
 122               	.LM17:
 123 0080 E091 0000 		lds r30,_free_node
 124 0084 F091 0000 		lds r31,(_free_node)+1
 125 0088 3097      		sbiw r30,0
 126 008a 01F4      		brne .L13
 127               	.LM18:
 128 008c B093 0000 		sts (_free_node)+1,r27
 129 0090 A093 0000 		sts _free_node,r26
 130               	.LM19:
 131 0094 1496      		adiw r26,3+1
 132 0096 1C92      		st X,__zero_reg__
 133 0098 1E92      		st -X,__zero_reg__
 134 009a 1397      		sbiw r26,3
 135 009c 00C0      		rjmp .L14
 136               	.L13:
 137               	.LM20:
 138 009e 1496      		adiw r26,3+1
 139 00a0 FC93      		st X,r31
 140 00a2 EE93      		st -X,r30
 141 00a4 1397      		sbiw r26,3
 142               	.LM21:
 143 00a6 B283      		std Z+2,r27
 144 00a8 A183      		std Z+1,r26
 145               	.LM22:
 146 00aa B093 0000 		sts (_free_node)+1,r27
 147 00ae A093 0000 		sts _free_node,r26
 148               	.L14:
 149               	.LM23:
 150 00b2 E091 0000 		lds r30,_free_node
 151 00b6 F091 0000 		lds r31,(_free_node)+1
 152 00ba 1282      		std Z+2,__zero_reg__
 153 00bc 1182      		std Z+1,__zero_reg__
 154 00be 00C0      		rjmp .L16
 155               	.L19:
 156               	.LM24:
 157 00c0 1196      		adiw r26,1
 158 00c2 ED91      		ld r30,X+
 159 00c4 FC91      		ld r31,X
 160 00c6 1297      		sbiw r26,1+1
 161 00c8 4383      		std Z+3,r20
 162 00ca 5483      		std Z+4,r21
 163               	.LM25:
 164 00cc 1396      		adiw r26,3
 165 00ce CD91      		ld r28,X+
 166 00d0 DC91      		ld r29,X
 167 00d2 1497      		sbiw r26,3+1
 168 00d4 2097      		sbiw r28,0
 169 00d6 01F4      		brne .L15
 170 00d8 00C0      		rjmp .L10
 171               	.LVL4:
 172               	.L16:
 173               	/* epilogue start */
 174               	.LM26:
 175 00da DF91      		pop r29
 176 00dc CF91      		pop r28
 177 00de 0895      		ret
 178               	.LFE6:
 180               	.global	nrk_get_pid
 182               	nrk_get_pid:
 183               	.LFB18:
 184               	.LM27:
 185               	/* prologue: function */
 186               	/* frame size = 0 */
 187               	.LM28:
 188 00e0 E091 0000 		lds r30,nrk_cur_task_TCB
 189 00e4 F091 0000 		lds r31,(nrk_cur_task_TCB)+1
 190               	.LM29:
 191 00e8 8085      		ldd r24,Z+8
 192               	/* epilogue start */
 193 00ea 0895      		ret
 194               	.LFE18:
 196               	.global	_nrk_wait_for_scheduler
 198               	_nrk_wait_for_scheduler:
 199               	.LFB16:
 200               	.LM30:
 201               	/* prologue: function */
 202               	/* frame size = 0 */
 203               	.L23:
 204               	.LM31:
 205 00ec 0E94 0000 		call nrk_idle
 206               	.LM32:
 207 00f0 E091 0000 		lds r30,nrk_cur_task_TCB
 208 00f4 F091 0000 		lds r31,(nrk_cur_task_TCB)+1
 209 00f8 8581      		ldd r24,Z+5
 210 00fa 8823      		tst r24
 211 00fc 01F4      		brne .L23
 212               	/* epilogue start */
 213               	.LM33:
 214 00fe 0895      		ret
 215               	.LFE16:
 217               	.global	nrk_wait
 219               	nrk_wait:
 220               	.LFB15:
 221               	.LM34:
 222 0100 FF92      		push r15
 223 0102 0F93      		push r16
 224 0104 1F93      		push r17
 225 0106 DF93      		push r29
 226 0108 CF93      		push r28
 227 010a CDB7      		in r28,__SP_L__
 228 010c DEB7      		in r29,__SP_H__
 229 010e 2897      		sbiw r28,8
 230 0110 0FB6      		in __tmp_reg__,__SREG__
 231 0112 F894      		cli
 232 0114 DEBF      		out __SP_H__,r29
 233 0116 0FBE      		out __SREG__,__tmp_reg__
 234 0118 CDBF      		out __SP_L__,r28
 235               	/* prologue: function */
 236               	/* frame size = 8 */
 237 011a 2983      		std Y+1,r18
 238 011c 3A83      		std Y+2,r19
 239 011e 4B83      		std Y+3,r20
 240 0120 5C83      		std Y+4,r21
 241 0122 6D83      		std Y+5,r22
 242 0124 7E83      		std Y+6,r23
 243 0126 8F83      		std Y+7,r24
 244 0128 9887      		std Y+8,r25
 245               	.LM35:
 246 012a 0E94 0000 		call nrk_stack_check
 247               	.LM36:
 248 012e 0E94 0000 		call nrk_int_disable
 249               	.LM37:
 250 0132 E091 0000 		lds r30,nrk_cur_task_TCB
 251 0136 F091 0000 		lds r31,(nrk_cur_task_TCB)+1
 252 013a 81E0      		ldi r24,lo8(1)
 253 013c 8583      		std Z+5,r24
 254               	.LM38:
 255 013e 81E0      		ldi r24,lo8(1)
 256 0140 90E0      		ldi r25,hi8(1)
 257 0142 91A3      		std Z+33,r25
 258 0144 80A3      		std Z+32,r24
 259               	.LM39:
 260 0146 0E94 0000 		call _nrk_os_timer_get
 261 014a F82E      		mov r15,r24
 262               	.LVL5:
 263               	.LM40:
 264 014c CE01      		movw r24,r28
 265 014e 0196      		adiw r24,1
 266 0150 0E94 0000 		call _nrk_time_to_ticks
 267               	.LM41:
 268 0154 E091 0000 		lds r30,nrk_cur_task_TCB
 269 0158 F091 0000 		lds r31,(nrk_cur_task_TCB)+1
 270 015c 0F2D      		mov r16,r15
 271 015e 10E0      		ldi r17,lo8(0)
 272               	.LVL6:
 273 0160 800F      		add r24,r16
 274 0162 911F      		adc r25,r17
 275 0164 978B      		std Z+23,r25
 276 0166 868B      		std Z+22,r24
 277               	.LM42:
 278 0168 87EF      		ldi r24,lo8(-9)
 279 016a 8F15      		cp r24,r15
 280 016c 00F0      		brlo .L27
 281               	.LM43:
 282 016e 0E94 0000 		call _nrk_get_next_wakeup
 283 0172 0F5F      		subi r16,lo8(-(1))
 284 0174 1F4F      		sbci r17,hi8(-(1))
 285               	.LVL7:
 286 0176 90E0      		ldi r25,lo8(0)
 287 0178 0817      		cp r16,r24
 288 017a 1907      		cpc r17,r25
 289 017c 04F4      		brge .L27
 290               	.LM44:
 291 017e 8F2D      		mov r24,r15
 292 0180 8E5F      		subi r24,lo8(-(2))
 293               	.LVL8:
 294               	.LM45:
 295 0182 8093 0000 		sts _nrk_prev_timer_val,r24
 296               	.LM46:
 297 0186 0E94 0000 		call _nrk_set_next_wakeup
 298               	.LVL9:
 299               	.L27:
 300               	.LM47:
 301 018a 0E94 0000 		call nrk_int_enable
 302               	.LM48:
 303 018e 0E94 0000 		call _nrk_wait_for_scheduler
 304               	.LM49:
 305 0192 81E0      		ldi r24,lo8(1)
 306               	/* epilogue start */
 307 0194 2896      		adiw r28,8
 308 0196 0FB6      		in __tmp_reg__,__SREG__
 309 0198 F894      		cli
 310 019a DEBF      		out __SP_H__,r29
 311 019c 0FBE      		out __SREG__,__tmp_reg__
 312 019e CDBF      		out __SP_L__,r28
 313 01a0 CF91      		pop r28
 314 01a2 DF91      		pop r29
 315 01a4 1F91      		pop r17
 316               	.LVL10:
 317 01a6 0F91      		pop r16
 318               	.LVL11:
 319 01a8 FF90      		pop r15
 320               	.LVL12:
 321 01aa 0895      		ret
 322               	.LFE15:
 324               	.global	nrk_wait_until
 326               	nrk_wait_until:
 327               	.LFB17:
 328               	.LM50:
 329 01ac 8F92      		push r8
 330 01ae 9F92      		push r9
 331 01b0 AF92      		push r10
 332 01b2 BF92      		push r11
 333 01b4 CF92      		push r12
 334 01b6 DF92      		push r13
 335 01b8 EF92      		push r14
 336 01ba FF92      		push r15
 337 01bc 0F93      		push r16
 338 01be 1F93      		push r17
 339 01c0 DF93      		push r29
 340 01c2 CF93      		push r28
 341 01c4 CDB7      		in r28,__SP_L__
 342 01c6 DEB7      		in r29,__SP_H__
 343 01c8 6097      		sbiw r28,16
 344 01ca 0FB6      		in __tmp_reg__,__SREG__
 345 01cc F894      		cli
 346 01ce DEBF      		out __SP_H__,r29
 347 01d0 0FBE      		out __SREG__,__tmp_reg__
 348 01d2 CDBF      		out __SP_L__,r28
 349               	/* prologue: function */
 350               	/* frame size = 16 */
 351 01d4 2987      		std Y+9,r18
 352 01d6 3A87      		std Y+10,r19
 353 01d8 4B87      		std Y+11,r20
 354 01da 5C87      		std Y+12,r21
 355 01dc 6D87      		std Y+13,r22
 356 01de 7E87      		std Y+14,r23
 357 01e0 8F87      		std Y+15,r24
 358 01e2 988B      		std Y+16,r25
 359               	.LM51:
 360 01e4 CE01      		movw r24,r28
 361 01e6 0196      		adiw r24,1
 362 01e8 0E94 0000 		call nrk_time_get
 363               	.LM52:
 364 01ec CE01      		movw r24,r28
 365 01ee 0996      		adiw r24,9
 366 01f0 0985      		ldd r16,Y+9
 367 01f2 1A85      		ldd r17,Y+10
 368 01f4 2B85      		ldd r18,Y+11
 369 01f6 3C85      		ldd r19,Y+12
 370 01f8 4D85      		ldd r20,Y+13
 371 01fa 5E85      		ldd r21,Y+14
 372 01fc 6F85      		ldd r22,Y+15
 373 01fe 7889      		ldd r23,Y+16
 374 0200 8980      		ldd r8,Y+1
 375 0202 9A80      		ldd r9,Y+2
 376 0204 AB80      		ldd r10,Y+3
 377 0206 BC80      		ldd r11,Y+4
 378 0208 CD80      		ldd r12,Y+5
 379 020a DE80      		ldd r13,Y+6
 380 020c EF80      		ldd r14,Y+7
 381 020e F884      		ldd r15,Y+8
 382 0210 0E94 0000 		call nrk_time_sub
 383               	.LM53:
 384 0214 8F3F      		cpi r24,lo8(-1)
 385 0216 01F0      		breq .L31
 386               	.LM54:
 387 0218 2985      		ldd r18,Y+9
 388 021a 3A85      		ldd r19,Y+10
 389 021c 4B85      		ldd r20,Y+11
 390 021e 5C85      		ldd r21,Y+12
 391 0220 6D85      		ldd r22,Y+13
 392 0222 7E85      		ldd r23,Y+14
 393 0224 8F85      		ldd r24,Y+15
 394 0226 9889      		ldd r25,Y+16
 395 0228 0E94 0000 		call nrk_wait
 396 022c 81E0      		ldi r24,lo8(1)
 397               	.L31:
 398               	/* epilogue start */
 399               	.LM55:
 400 022e 6096      		adiw r28,16
 401 0230 0FB6      		in __tmp_reg__,__SREG__
 402 0232 F894      		cli
 403 0234 DEBF      		out __SP_H__,r29
 404 0236 0FBE      		out __SREG__,__tmp_reg__
 405 0238 CDBF      		out __SP_L__,r28
 406 023a CF91      		pop r28
 407 023c DF91      		pop r29
 408 023e 1F91      		pop r17
 409 0240 0F91      		pop r16
 410 0242 FF90      		pop r15
 411 0244 EF90      		pop r14
 412 0246 DF90      		pop r13
 413 0248 CF90      		pop r12
 414 024a BF90      		pop r11
 415 024c AF90      		pop r10
 416 024e 9F90      		pop r9
 417 0250 8F90      		pop r8
 418 0252 0895      		ret
 419               	.LFE17:
 421               	.global	nrk_wait_until_nw
 423               	nrk_wait_until_nw:
 424               	.LFB14:
 425               	.LM56:
 426 0254 1F93      		push r17
 427               	/* prologue: function */
 428               	/* frame size = 0 */
 429               	.LM57:
 430 0256 0E94 0000 		call nrk_int_disable
 431               	.LM58:
 432 025a E091 0000 		lds r30,nrk_cur_task_TCB
 433 025e F091 0000 		lds r31,(nrk_cur_task_TCB)+1
 434 0262 81E0      		ldi r24,lo8(1)
 435 0264 8583      		std Z+5,r24
 436               	.LM59:
 437 0266 8683      		std Z+6,r24
 438               	.LM60:
 439 0268 0E94 0000 		call _nrk_os_timer_get
 440 026c 182F      		mov r17,r24
 441               	.LVL13:
 442               	.LM61:
 443 026e 883F      		cpi r24,lo8(-8)
 444 0270 00F4      		brsh .L34
 445               	.LVL14:
 446               	.LM62:
 447 0272 0E94 0000 		call _nrk_get_next_wakeup
 448               	.LVL15:
 449 0276 212F      		mov r18,r17
 450 0278 30E0      		ldi r19,lo8(0)
 451               	.LVL16:
 452 027a 2F5F      		subi r18,lo8(-(1))
 453 027c 3F4F      		sbci r19,hi8(-(1))
 454               	.LVL17:
 455 027e 90E0      		ldi r25,lo8(0)
 456 0280 2817      		cp r18,r24
 457 0282 3907      		cpc r19,r25
 458 0284 04F4      		brge .L34
 459               	.LM63:
 460 0286 812F      		mov r24,r17
 461 0288 8E5F      		subi r24,lo8(-(2))
 462               	.LVL18:
 463               	.LM64:
 464 028a 8093 0000 		sts _nrk_prev_timer_val,r24
 465               	.LM65:
 466 028e 0E94 0000 		call _nrk_set_next_wakeup
 467               	.LVL19:
 468               	.L34:
 469               	.LM66:
 470 0292 0E94 0000 		call nrk_int_enable
 471               	.LVL20:
 472               	.LM67:
 473 0296 0E94 0000 		call _nrk_wait_for_scheduler
 474               	.LM68:
 475 029a 81E0      		ldi r24,lo8(1)
 476               	/* epilogue start */
 477 029c 1F91      		pop r17
 478               	.LVL21:
 479 029e 0895      		ret
 480               	.LFE14:
 482               	.global	nrk_set_next_wakeup
 484               	nrk_set_next_wakeup:
 485               	.LFB13:
 486               	.LM69:
 487 02a0 1F93      		push r17
 488 02a2 DF93      		push r29
 489 02a4 CF93      		push r28
 490 02a6 CDB7      		in r28,__SP_L__
 491 02a8 DEB7      		in r29,__SP_H__
 492 02aa 2897      		sbiw r28,8
 493 02ac 0FB6      		in __tmp_reg__,__SREG__
 494 02ae F894      		cli
 495 02b0 DEBF      		out __SP_H__,r29
 496 02b2 0FBE      		out __SREG__,__tmp_reg__
 497 02b4 CDBF      		out __SP_L__,r28
 498               	/* prologue: function */
 499               	/* frame size = 8 */
 500 02b6 2983      		std Y+1,r18
 501 02b8 3A83      		std Y+2,r19
 502 02ba 4B83      		std Y+3,r20
 503 02bc 5C83      		std Y+4,r21
 504 02be 6D83      		std Y+5,r22
 505 02c0 7E83      		std Y+6,r23
 506 02c2 8F83      		std Y+7,r24
 507 02c4 9887      		std Y+8,r25
 508               	.LM70:
 509 02c6 0E94 0000 		call nrk_int_disable
 510               	.LM71:
 511 02ca 0E94 0000 		call _nrk_os_timer_get
 512 02ce 182F      		mov r17,r24
 513               	.LVL22:
 514               	.LM72:
 515 02d0 CE01      		movw r24,r28
 516 02d2 0196      		adiw r24,1
 517 02d4 0E94 0000 		call _nrk_time_to_ticks
 518               	.LM73:
 519 02d8 8330      		cpi r24,3
 520 02da 9105      		cpc r25,__zero_reg__
 521               	.LVL23:
 522 02dc 00F4      		brsh .L37
 523 02de 8FEF      		ldi r24,lo8(-1)
 524               	.LVL24:
 525 02e0 00C0      		rjmp .L38
 526               	.LVL25:
 527               	.L37:
 528               	.LM74:
 529 02e2 E091 0000 		lds r30,nrk_cur_task_TCB
 530 02e6 F091 0000 		lds r31,(nrk_cur_task_TCB)+1
 531 02ea 810F      		add r24,r17
 532 02ec 911D      		adc r25,__zero_reg__
 533 02ee 978B      		std Z+23,r25
 534 02f0 868B      		std Z+22,r24
 535               	.LM75:
 536 02f2 0E94 0000 		call nrk_int_enable
 537               	.LVL26:
 538 02f6 81E0      		ldi r24,lo8(1)
 539               	.L38:
 540               	/* epilogue start */
 541               	.LM76:
 542 02f8 2896      		adiw r28,8
 543 02fa 0FB6      		in __tmp_reg__,__SREG__
 544 02fc F894      		cli
 545 02fe DEBF      		out __SP_H__,r29
 546 0300 0FBE      		out __SREG__,__tmp_reg__
 547 0302 CDBF      		out __SP_L__,r28
 548 0304 CF91      		pop r28
 549 0306 DF91      		pop r29
 550 0308 1F91      		pop r17
 551               	.LVL27:
 552 030a 0895      		ret
 553               	.LFE13:
 555               	.global	nrk_wait_until_ticks
 557               	nrk_wait_until_ticks:
 558               	.LFB12:
 559               	.LM77:
 560               	.LVL28:
 561 030c 0F93      		push r16
 562 030e 1F93      		push r17
 563               	/* prologue: function */
 564               	/* frame size = 0 */
 565 0310 8C01      		movw r16,r24
 566               	.LM78:
 567 0312 0E94 0000 		call nrk_int_disable
 568               	.LVL29:
 569               	.LM79:
 570 0316 E091 0000 		lds r30,nrk_cur_task_TCB
 571 031a F091 0000 		lds r31,(nrk_cur_task_TCB)+1
 572 031e 81E0      		ldi r24,lo8(1)
 573 0320 8583      		std Z+5,r24
 574               	.LM80:
 575 0322 178B      		std Z+23,r17
 576 0324 068B      		std Z+22,r16
 577               	.LM81:
 578 0326 0E94 0000 		call _nrk_os_timer_get
 579 032a 082F      		mov r16,r24
 580               	.LVL30:
 581               	.LM82:
 582 032c 883F      		cpi r24,lo8(-8)
 583 032e 00F4      		brsh .L41
 584               	.LVL31:
 585               	.LM83:
 586 0330 0E94 0000 		call _nrk_get_next_wakeup
 587               	.LVL32:
 588 0334 202F      		mov r18,r16
 589 0336 30E0      		ldi r19,lo8(0)
 590               	.LVL33:
 591 0338 2F5F      		subi r18,lo8(-(1))
 592 033a 3F4F      		sbci r19,hi8(-(1))
 593               	.LVL34:
 594 033c 90E0      		ldi r25,lo8(0)
 595 033e 2817      		cp r18,r24
 596 0340 3907      		cpc r19,r25
 597 0342 04F4      		brge .L41
 598               	.LM84:
 599 0344 802F      		mov r24,r16
 600 0346 8E5F      		subi r24,lo8(-(2))
 601               	.LVL35:
 602               	.LM85:
 603 0348 8093 0000 		sts _nrk_prev_timer_val,r24
 604               	.LM86:
 605 034c 0E94 0000 		call _nrk_set_next_wakeup
 606               	.LVL36:
 607               	.L41:
 608               	.LM87:
 609 0350 0E94 0000 		call nrk_int_enable
 610               	.LVL37:
 611               	.LM88:
 612 0354 0E94 0000 		call _nrk_wait_for_scheduler
 613               	.LM89:
 614 0358 81E0      		ldi r24,lo8(1)
 615               	/* epilogue start */
 616 035a 1F91      		pop r17
 617 035c 0F91      		pop r16
 618               	.LVL38:
 619 035e 0895      		ret
 620               	.LFE12:
 622               	.global	nrk_wait_ticks
 624               	nrk_wait_ticks:
 625               	.LFB11:
 626               	.LM90:
 627               	.LVL39:
 628 0360 FF92      		push r15
 629 0362 0F93      		push r16
 630 0364 1F93      		push r17
 631 0366 CF93      		push r28
 632 0368 DF93      		push r29
 633               	/* prologue: function */
 634               	/* frame size = 0 */
 635 036a 8C01      		movw r16,r24
 636               	.LM91:
 637 036c 0E94 0000 		call nrk_int_disable
 638               	.LVL40:
 639               	.LM92:
 640 0370 E091 0000 		lds r30,nrk_cur_task_TCB
 641 0374 F091 0000 		lds r31,(nrk_cur_task_TCB)+1
 642 0378 81E0      		ldi r24,lo8(1)
 643 037a 8583      		std Z+5,r24
 644               	.LM93:
 645 037c 0E94 0000 		call _nrk_os_timer_get
 646 0380 F82E      		mov r15,r24
 647               	.LVL41:
 648               	.LM94:
 649 0382 E091 0000 		lds r30,nrk_cur_task_TCB
 650 0386 F091 0000 		lds r31,(nrk_cur_task_TCB)+1
 651 038a C82F      		mov r28,r24
 652 038c D0E0      		ldi r29,lo8(0)
 653               	.LVL42:
 654 038e 0C0F      		add r16,r28
 655 0390 1D1F      		adc r17,r29
 656 0392 178B      		std Z+23,r17
 657 0394 068B      		std Z+22,r16
 658               	.LM95:
 659 0396 87EF      		ldi r24,lo8(-9)
 660 0398 8F15      		cp r24,r15
 661 039a 00F0      		brlo .L44
 662               	.LM96:
 663 039c 0E94 0000 		call _nrk_get_next_wakeup
 664 03a0 2196      		adiw r28,1
 665               	.LVL43:
 666 03a2 90E0      		ldi r25,lo8(0)
 667 03a4 C817      		cp r28,r24
 668 03a6 D907      		cpc r29,r25
 669 03a8 04F4      		brge .L44
 670               	.LM97:
 671 03aa 8F2D      		mov r24,r15
 672 03ac 8E5F      		subi r24,lo8(-(2))
 673               	.LVL44:
 674               	.LM98:
 675 03ae 8093 0000 		sts _nrk_prev_timer_val,r24
 676               	.LM99:
 677 03b2 0E94 0000 		call _nrk_set_next_wakeup
 678               	.LVL45:
 679               	.L44:
 680               	.LM100:
 681 03b6 0E94 0000 		call nrk_int_enable
 682               	.LM101:
 683 03ba 0E94 0000 		call _nrk_wait_for_scheduler
 684               	.LM102:
 685 03be 81E0      		ldi r24,lo8(1)
 686               	/* epilogue start */
 687 03c0 DF91      		pop r29
 688               	.LVL46:
 689 03c2 CF91      		pop r28
 690               	.LVL47:
 691 03c4 1F91      		pop r17
 692 03c6 0F91      		pop r16
 693               	.LVL48:
 694 03c8 FF90      		pop r15
 695               	.LVL49:
 696 03ca 0895      		ret
 697               	.LFE11:
 699               	.global	nrk_wait_until_next_n_periods
 701               	nrk_wait_until_next_n_periods:
 702               	.LFB10:
 703               	.LM103:
 704               	.LVL50:
 705 03cc 1F93      		push r17
 706 03ce CF93      		push r28
 707 03d0 DF93      		push r29
 708               	/* prologue: function */
 709               	/* frame size = 0 */
 710 03d2 EC01      		movw r28,r24
 711               	.LM104:
 712 03d4 0E94 0000 		call nrk_stack_check
 713               	.LVL51:
 714               	.LM105:
 715 03d8 2097      		sbiw r28,0
 716 03da 01F4      		brne .L47
 717 03dc C1E0      		ldi r28,lo8(1)
 718 03de D0E0      		ldi r29,hi8(1)
 719               	.L47:
 720               	.LM106:
 721 03e0 0E94 0000 		call nrk_int_disable
 722               	.LM107:
 723 03e4 E091 0000 		lds r30,nrk_cur_task_TCB
 724 03e8 F091 0000 		lds r31,(nrk_cur_task_TCB)+1
 725 03ec 81E0      		ldi r24,lo8(1)
 726 03ee 8583      		std Z+5,r24
 727               	.LM108:
 728 03f0 D1A3      		std Z+33,r29
 729 03f2 C0A3      		std Z+32,r28
 730               	.LM109:
 731 03f4 0E94 0000 		call _nrk_os_timer_get
 732 03f8 182F      		mov r17,r24
 733               	.LVL52:
 734               	.LM110:
 735 03fa 883F      		cpi r24,lo8(-8)
 736 03fc 00F4      		brsh .L48
 737               	.LVL53:
 738               	.LM111:
 739 03fe 0E94 0000 		call _nrk_get_next_wakeup
 740               	.LVL54:
 741 0402 212F      		mov r18,r17
 742 0404 30E0      		ldi r19,lo8(0)
 743               	.LVL55:
 744 0406 2F5F      		subi r18,lo8(-(1))
 745 0408 3F4F      		sbci r19,hi8(-(1))
 746               	.LVL56:
 747 040a 90E0      		ldi r25,lo8(0)
 748 040c 2817      		cp r18,r24
 749 040e 3907      		cpc r19,r25
 750 0410 04F4      		brge .L48
 751               	.LM112:
 752 0412 812F      		mov r24,r17
 753 0414 8E5F      		subi r24,lo8(-(2))
 754               	.LVL57:
 755               	.LM113:
 756 0416 8093 0000 		sts _nrk_prev_timer_val,r24
 757               	.LM114:
 758 041a 0E94 0000 		call _nrk_set_next_wakeup
 759               	.LVL58:
 760               	.L48:
 761               	.LM115:
 762 041e 0E94 0000 		call nrk_int_enable
 763               	.LVL59:
 764               	.LM116:
 765 0422 0E94 0000 		call _nrk_wait_for_scheduler
 766               	.LM117:
 767 0426 81E0      		ldi r24,lo8(1)
 768               	/* epilogue start */
 769 0428 DF91      		pop r29
 770 042a CF91      		pop r28
 771               	.LVL60:
 772 042c 1F91      		pop r17
 773               	.LVL61:
 774 042e 0895      		ret
 775               	.LFE10:
 777               	.global	nrk_wait_until_next_period
 779               	nrk_wait_until_next_period:
 780               	.LFB9:
 781               	.LM118:
 782 0430 1F93      		push r17
 783               	/* prologue: function */
 784               	/* frame size = 0 */
 785               	.LM119:
 786 0432 0E94 0000 		call nrk_stack_check
 787               	.LM120:
 788 0436 0E94 0000 		call nrk_int_disable
 789               	.LM121:
 790 043a E091 0000 		lds r30,nrk_cur_task_TCB
 791 043e F091 0000 		lds r31,(nrk_cur_task_TCB)+1
 792 0442 81E0      		ldi r24,lo8(1)
 793 0444 90E0      		ldi r25,hi8(1)
 794 0446 91A3      		std Z+33,r25
 795 0448 80A3      		std Z+32,r24
 796               	.LM122:
 797 044a 81E0      		ldi r24,lo8(1)
 798 044c 8583      		std Z+5,r24
 799               	.LM123:
 800 044e 808D      		ldd r24,Z+24
 801 0450 918D      		ldd r25,Z+25
 802 0452 978B      		std Z+23,r25
 803 0454 868B      		std Z+22,r24
 804               	.LM124:
 805 0456 0E94 0000 		call _nrk_os_timer_get
 806 045a 182F      		mov r17,r24
 807               	.LVL62:
 808               	.LM125:
 809 045c 883F      		cpi r24,lo8(-8)
 810 045e 00F4      		brsh .L51
 811               	.LVL63:
 812               	.LM126:
 813 0460 0E94 0000 		call _nrk_get_next_wakeup
 814               	.LVL64:
 815 0464 212F      		mov r18,r17
 816 0466 30E0      		ldi r19,lo8(0)
 817               	.LVL65:
 818 0468 2F5F      		subi r18,lo8(-(1))
 819 046a 3F4F      		sbci r19,hi8(-(1))
 820               	.LVL66:
 821 046c 90E0      		ldi r25,lo8(0)
 822 046e 2817      		cp r18,r24
 823 0470 3907      		cpc r19,r25
 824 0472 04F4      		brge .L51
 825               	.LM127:
 826 0474 812F      		mov r24,r17
 827 0476 8E5F      		subi r24,lo8(-(2))
 828               	.LVL67:
 829               	.LM128:
 830 0478 8093 0000 		sts _nrk_prev_timer_val,r24
 831               	.LM129:
 832 047c 0E94 0000 		call _nrk_set_next_wakeup
 833               	.LVL68:
 834               	.L51:
 835               	.LM130:
 836 0480 0E94 0000 		call nrk_int_enable
 837               	.LVL69:
 838               	.LM131:
 839 0484 0E94 0000 		call _nrk_wait_for_scheduler
 840               	.LM132:
 841 0488 81E0      		ldi r24,lo8(1)
 842               	/* epilogue start */
 843 048a 1F91      		pop r17
 844               	.LVL70:
 845 048c 0895      		ret
 846               	.LFE9:
 848               	.global	nrk_terminate_task
 850               	nrk_terminate_task:
 851               	.LFB8:
 852               	.LM133:
 853               	/* prologue: function */
 854               	/* frame size = 0 */
 855               	.LM134:
 856 048e E091 0000 		lds r30,nrk_cur_task_TCB
 857 0492 F091 0000 		lds r31,(nrk_cur_task_TCB)+1
 858 0496 8085      		ldd r24,Z+8
 859 0498 0E94 0000 		call nrk_rem_from_readyQ
 860               	.LM135:
 861 049c E091 0000 		lds r30,nrk_cur_task_TCB
 862 04a0 F091 0000 		lds r31,(nrk_cur_task_TCB)+1
 863 04a4 84E0      		ldi r24,lo8(4)
 864 04a6 8187      		std Z+9,r24
 865               	.LM136:
 866 04a8 0E94 0000 		call nrk_wait_until_next_period
 867               	.LM137:
 868 04ac 81E0      		ldi r24,lo8(1)
 869               	/* epilogue start */
 870 04ae 0895      		ret
 871               	.LFE8:
 873               	.global	nrk_add_to_readyQ
 875               	nrk_add_to_readyQ:
 876               	.LFB5:
 877               	.LM138:
 878               	.LVL71:
 879 04b0 DF92      		push r13
 880 04b2 EF92      		push r14
 881 04b4 FF92      		push r15
 882 04b6 0F93      		push r16
 883 04b8 1F93      		push r17
 884 04ba CF93      		push r28
 885 04bc DF93      		push r29
 886               	/* prologue: function */
 887               	/* frame size = 0 */
 888 04be D82E      		mov r13,r24
 889               	.LM139:
 890 04c0 0091 0000 		lds r16,_head_node
 891 04c4 1091 0000 		lds r17,(_head_node)+1
 892               	.LVL72:
 893               	.LM140:
 894 04c8 C091 0000 		lds r28,_free_node
 895 04cc D091 0000 		lds r29,(_free_node)+1
 896               	.LVL73:
 897               	.LM141:
 898 04d0 2097      		sbiw r28,0
 899 04d2 01F4      		brne .+2
 900 04d4 00C0      		rjmp .L65
 901               	.LVL74:
 902               	.LM142:
 903 04d6 0115      		cp r16,__zero_reg__
 904 04d8 1105      		cpc r17,__zero_reg__
 905 04da 01F4      		brne .+2
 906 04dc 00C0      		rjmp .L57
 907               	.LM143:
 908 04de 0E94 0000 		call system_ceiling
 909               	.LM144:
 910 04e2 8D2D      		mov r24,r13
 911 04e4 9927      		clr r25
 912 04e6 87FD      		sbrc r24,7
 913 04e8 9095      		com r25
 914 04ea FC01      		movw r30,r24
 915 04ec 55E0      		ldi r21,5
 916 04ee EE0F      	1:	lsl r30
 917 04f0 FF1F      		rol r31
 918 04f2 5A95      		dec r21
 919 04f4 01F4      		brne 1b
 920 04f6 880F      		lsl r24
 921 04f8 991F      		rol r25
 922 04fa E80F      		add r30,r24
 923 04fc F91F      		adc r31,r25
 924 04fe E050      		subi r30,lo8(-(nrk_task_TCB))
 925 0500 F040      		sbci r31,hi8(-(nrk_task_TCB))
 926 0502 8589      		ldd r24,Z+21
 927 0504 90E0      		ldi r25,lo8(0)
 928 0506 A0E0      		ldi r26,lo8(0)
 929 0508 B0E0      		ldi r27,hi8(0)
 930 050a 2091 0000 		lds r18,systemCeiling
 931 050e 3091 0000 		lds r19,(systemCeiling)+1
 932 0512 4091 0000 		lds r20,(systemCeiling)+2
 933 0516 5091 0000 		lds r21,(systemCeiling)+3
 934 051a 2817      		cp r18,r24
 935 051c 3907      		cpc r19,r25
 936 051e 4A07      		cpc r20,r26
 937 0520 5B07      		cpc r21,r27
 938 0522 00F4      		brsh .+2
 939 0524 00C0      		rjmp .L57
 940               	.LM145:
 941 0526 E08C      		ldd r14,Z+24
 942 0528 F18C      		ldd r15,Z+25
 943               	.LM146:
 944 052a DF01      		movw r26,r30
 945 052c 1A96      		adiw r26,10
 946               	.LM147:
 947 052e BF01      		movw r22,r30
 948 0530 6C5F      		subi r22,lo8(-(4))
 949 0532 7F4F      		sbci r23,hi8(-(4))
 950               	.LM148:
 951 0534 AF01      		movw r20,r30
 952 0536 455F      		subi r20,lo8(-(11))
 953 0538 5F4F      		sbci r21,hi8(-(11))
 954               	.L60:
 955               	.LM149:
 956 053a F801      		movw r30,r16
 957 053c 2081      		ld r18,Z
 958 053e 822F      		mov r24,r18
 959 0540 90E0      		ldi r25,lo8(0)
 960 0542 FC01      		movw r30,r24
 961 0544 35E0      		ldi r19,5
 962 0546 EE0F      	1:	lsl r30
 963 0548 FF1F      		rol r31
 964 054a 3A95      		dec r19
 965 054c 01F4      		brne 1b
 966 054e 880F      		lsl r24
 967 0550 991F      		rol r25
 968 0552 E80F      		add r30,r24
 969 0554 F91F      		adc r31,r25
 970 0556 E050      		subi r30,lo8(-(nrk_task_TCB))
 971 0558 F040      		sbci r31,hi8(-(nrk_task_TCB))
 972 055a 808D      		ldd r24,Z+24
 973 055c 918D      		ldd r25,Z+25
 974 055e E816      		cp r14,r24
 975 0560 F906      		cpc r15,r25
 976 0562 00F4      		brsh .+2
 977 0564 00C0      		rjmp .L57
 978               	.LM150:
 979 0566 822F      		mov r24,r18
 980 0568 90E0      		ldi r25,lo8(0)
 981 056a FC01      		movw r30,r24
 982 056c 35E0      		ldi r19,5
 983 056e EE0F      	1:	lsl r30
 984 0570 FF1F      		rol r31
 985 0572 3A95      		dec r19
 986 0574 01F4      		brne 1b
 987 0576 880F      		lsl r24
 988 0578 991F      		rol r25
 989 057a E80F      		add r30,r24
 990 057c F91F      		adc r31,r25
 991 057e E050      		subi r30,lo8(-(nrk_task_TCB))
 992 0580 F040      		sbci r31,hi8(-(nrk_task_TCB))
 993 0582 8481      		ldd r24,Z+4
 994 0584 8823      		tst r24
 995 0586 01F0      		breq .L58
 996               	.LM151:
 997 0588 822F      		mov r24,r18
 998 058a 90E0      		ldi r25,lo8(0)
 999 058c FC01      		movw r30,r24
 1000 058e 35E0      		ldi r19,5
 1001 0590 EE0F      	1:	lsl r30
 1002 0592 FF1F      		rol r31
 1003 0594 3A95      		dec r19
 1004 0596 01F4      		brne 1b
 1005 0598 880F      		lsl r24
 1006 059a 991F      		rol r25
 1007 059c E80F      		add r30,r24
 1008 059e F91F      		adc r31,r25
 1009 05a0 E050      		subi r30,lo8(-(nrk_task_TCB))
 1010 05a2 F040      		sbci r31,hi8(-(nrk_task_TCB))
 1011 05a4 9385      		ldd r25,Z+11
 1012 05a6 8C91      		ld r24,X
 1013 05a8 9817      		cp r25,r24
 1014 05aa 00F0      		brlo .L57
 1015               	.L58:
 1016               	.LM152:
 1017 05ac FB01      		movw r30,r22
 1018 05ae 8081      		ld r24,Z
 1019 05b0 8823      		tst r24
 1020 05b2 01F0      		breq .L59
 1021               	.LM153:
 1022 05b4 822F      		mov r24,r18
 1023 05b6 90E0      		ldi r25,lo8(0)
 1024 05b8 FC01      		movw r30,r24
 1025 05ba 35E0      		ldi r19,5
 1026 05bc EE0F      	1:	lsl r30
 1027 05be FF1F      		rol r31
 1028 05c0 3A95      		dec r19
 1029 05c2 01F4      		brne 1b
 1030 05c4 880F      		lsl r24
 1031 05c6 991F      		rol r25
 1032 05c8 E80F      		add r30,r24
 1033 05ca F91F      		adc r31,r25
 1034 05cc E050      		subi r30,lo8(-(nrk_task_TCB))
 1035 05ce F040      		sbci r31,hi8(-(nrk_task_TCB))
 1036 05d0 9285      		ldd r25,Z+10
 1037 05d2 FA01      		movw r30,r20
 1038 05d4 8081      		ld r24,Z
 1039 05d6 9817      		cp r25,r24
 1040 05d8 00F0      		brlo .L57
 1041               	.L59:
 1042               	.LM154:
 1043 05da 822F      		mov r24,r18
 1044 05dc 90E0      		ldi r25,lo8(0)
 1045 05de FC01      		movw r30,r24
 1046 05e0 35E0      		ldi r19,5
 1047 05e2 EE0F      	1:	lsl r30
 1048 05e4 FF1F      		rol r31
 1049 05e6 3A95      		dec r19
 1050 05e8 01F4      		brne 1b
 1051 05ea 880F      		lsl r24
 1052 05ec 991F      		rol r25
 1053 05ee E80F      		add r30,r24
 1054 05f0 F91F      		adc r31,r25
 1055 05f2 E050      		subi r30,lo8(-(nrk_task_TCB))
 1056 05f4 F040      		sbci r31,hi8(-(nrk_task_TCB))
 1057 05f6 9285      		ldd r25,Z+10
 1058 05f8 8C91      		ld r24,X
 1059 05fa 9817      		cp r25,r24
 1060 05fc 00F0      		brlo .L57
 1061               	.LM155:
 1062 05fe F801      		movw r30,r16
 1063 0600 0381      		ldd r16,Z+3
 1064 0602 1481      		ldd r17,Z+4
 1065               	.LM156:
 1066 0604 0115      		cp r16,__zero_reg__
 1067 0606 1105      		cpc r17,__zero_reg__
 1068 0608 01F0      		breq .+2
 1069 060a 00C0      		rjmp .L60
 1070               	.LVL75:
 1071               	.L57:
 1072               	.LM157:
 1073 060c D882      		st Y,r13
 1074               	.LM158:
 1075 060e E091 0000 		lds r30,_free_node
 1076 0612 F091 0000 		lds r31,(_free_node)+1
 1077 0616 0380      		ldd __tmp_reg__,Z+3
 1078 0618 F481      		ldd r31,Z+4
 1079 061a E02D      		mov r30,__tmp_reg__
 1080 061c F093 0000 		sts (_free_node)+1,r31
 1081 0620 E093 0000 		sts _free_node,r30
 1082               	.LM159:
 1083 0624 8091 0000 		lds r24,_head_node
 1084 0628 9091 0000 		lds r25,(_head_node)+1
 1085 062c 0817      		cp r16,r24
 1086 062e 1907      		cpc r17,r25
 1087 0630 01F4      		brne .L61
 1088               	.LM160:
 1089 0632 0115      		cp r16,__zero_reg__
 1090 0634 1105      		cpc r17,__zero_reg__
 1091 0636 01F0      		breq .L62
 1092               	.LM161:
 1093 0638 1C83      		std Y+4,r17
 1094 063a 0B83      		std Y+3,r16
 1095               	.LM162:
 1096 063c 1A82      		std Y+2,__zero_reg__
 1097 063e 1982      		std Y+1,__zero_reg__
 1098               	.LM163:
 1099 0640 D801      		movw r26,r16
 1100 0642 1296      		adiw r26,1+1
 1101 0644 DC93      		st X,r29
 1102 0646 CE93      		st -X,r28
 1103 0648 1197      		sbiw r26,1
 1104 064a 00C0      		rjmp .L63
 1105               	.L62:
 1106               	.LM164:
 1107 064c 1C82      		std Y+4,__zero_reg__
 1108 064e 1B82      		std Y+3,__zero_reg__
 1109               	.LM165:
 1110 0650 1A82      		std Y+2,__zero_reg__
 1111 0652 1982      		std Y+1,__zero_reg__
 1112               	.LM166:
 1113 0654 D283      		std Z+2,r29
 1114 0656 C183      		std Z+1,r28
 1115               	.L63:
 1116               	.LM167:
 1117 0658 D093 0000 		sts (_head_node)+1,r29
 1118 065c C093 0000 		sts _head_node,r28
 1119 0660 00C0      		rjmp .L65
 1120               	.L61:
 1121 0662 D801      		movw r26,r16
 1122 0664 1196      		adiw r26,1
 1123 0666 8D91      		ld r24,X+
 1124 0668 9C91      		ld r25,X
 1125 066a 1297      		sbiw r26,1+1
 1126               	.LM168:
 1127 066c 0E17      		cp r16,r30
 1128 066e 1F07      		cpc r17,r31
 1129 0670 01F0      		breq .L64
 1130               	.LM169:
 1131 0672 9A83      		std Y+2,r25
 1132 0674 8983      		std Y+1,r24
 1133               	.LM170:
 1134 0676 1C83      		std Y+4,r17
 1135 0678 0B83      		std Y+3,r16
 1136               	.LM171:
 1137 067a 1196      		adiw r26,1
 1138 067c ED91      		ld r30,X+
 1139 067e FC91      		ld r31,X
 1140 0680 1297      		sbiw r26,1+1
 1141 0682 D483      		std Z+4,r29
 1142 0684 C383      		std Z+3,r28
 1143               	.LM172:
 1144 0686 1296      		adiw r26,1+1
 1145 0688 DC93      		st X,r29
 1146 068a CE93      		st -X,r28
 1147 068c 1197      		sbiw r26,1
 1148 068e 00C0      		rjmp .L65
 1149               	.L64:
 1150               	.LM173:
 1151 0690 1C82      		std Y+4,__zero_reg__
 1152 0692 1B82      		std Y+3,__zero_reg__
 1153               	.LM174:
 1154 0694 9A83      		std Y+2,r25
 1155 0696 8983      		std Y+1,r24
 1156               	.LM175:
 1157 0698 F801      		movw r30,r16
 1158 069a D283      		std Z+2,r29
 1159 069c C183      		std Z+1,r28
 1160               	.LVL76:
 1161               	.L65:
 1162               	/* epilogue start */
 1163               	.LM176:
 1164 069e DF91      		pop r29
 1165 06a0 CF91      		pop r28
 1166               	.LVL77:
 1167 06a2 1F91      		pop r17
 1168 06a4 0F91      		pop r16
 1169               	.LVL78:
 1170 06a6 FF90      		pop r15
 1171 06a8 EF90      		pop r14
 1172 06aa DF90      		pop r13
 1173               	.LVL79:
 1174 06ac 0895      		ret
 1175               	.LFE5:
 1177               	.global	nrk_activate_task
 1179               	nrk_activate_task:
 1180               	.LFB7:
 1181               	.LM177:
 1182               	.LVL80:
 1183 06ae EF92      		push r14
 1184 06b0 FF92      		push r15
 1185 06b2 0F93      		push r16
 1186 06b4 1F93      		push r17
 1187 06b6 CF93      		push r28
 1188 06b8 DF93      		push r29
 1189               	/* prologue: function */
 1190               	/* frame size = 0 */
 1191 06ba EC01      		movw r28,r24
 1192               	.LM178:
 1193 06bc 6981      		ldd r22,Y+1
 1194 06be 7A81      		ldd r23,Y+2
 1195 06c0 4B81      		ldd r20,Y+3
 1196 06c2 5C81      		ldd r21,Y+4
 1197 06c4 8D81      		ldd r24,Y+5
 1198 06c6 9E81      		ldd r25,Y+6
 1199               	.LVL81:
 1200 06c8 0E94 0000 		call nrk_task_stk_init
 1201 06cc BC01      		movw r22,r24
 1202               	.LVL82:
 1203               	.LM179:
 1204 06ce 8F81      		ldd r24,Y+7
 1205 06d0 8823      		tst r24
 1206 06d2 01F0      		breq .L68
 1207               	.LM180:
 1208 06d4 4B81      		ldd r20,Y+3
 1209 06d6 5C81      		ldd r21,Y+4
 1210 06d8 CE01      		movw r24,r28
 1211 06da 20E0      		ldi r18,lo8(0)
 1212 06dc 30E0      		ldi r19,hi8(0)
 1213 06de 00E0      		ldi r16,lo8(0)
 1214 06e0 10E0      		ldi r17,hi8(0)
 1215 06e2 EE24      		clr r14
 1216 06e4 FF24      		clr r15
 1217 06e6 0E94 0000 		call nrk_TCB_init
 1218               	.LVL83:
 1219               	.LM181:
 1220 06ea 1F82      		std Y+7,__zero_reg__
 1221 06ec 00C0      		rjmp .L69
 1222               	.LVL84:
 1223               	.L68:
 1224               	.LM182:
 1225 06ee 8881      		ld r24,Y
 1226 06f0 9927      		clr r25
 1227 06f2 87FD      		sbrc r24,7
 1228 06f4 9095      		com r25
 1229 06f6 FC01      		movw r30,r24
 1230 06f8 B5E0      		ldi r27,5
 1231 06fa EE0F      	1:	lsl r30
 1232 06fc FF1F      		rol r31
 1233 06fe BA95      		dec r27
 1234 0700 01F4      		brne 1b
 1235 0702 880F      		lsl r24
 1236 0704 991F      		rol r25
 1237 0706 E80F      		add r30,r24
 1238 0708 F91F      		adc r31,r25
 1239 070a E050      		subi r30,lo8(-(nrk_task_TCB))
 1240 070c F040      		sbci r31,hi8(-(nrk_task_TCB))
 1241 070e 8185      		ldd r24,Z+9
 1242 0710 8330      		cpi r24,lo8(3)
 1243 0712 01F0      		breq .L70
 1244 0714 8FEF      		ldi r24,lo8(-1)
 1245 0716 00C0      		rjmp .L71
 1246               	.L70:
 1247               	.LM183:
 1248 0718 7183      		std Z+1,r23
 1249 071a 6083      		st Z,r22
 1250               	.L69:
 1251               	.LM184:
 1252 071c 8881      		ld r24,Y
 1253 071e 9927      		clr r25
 1254 0720 87FD      		sbrc r24,7
 1255 0722 9095      		com r25
 1256 0724 FC01      		movw r30,r24
 1257 0726 75E0      		ldi r23,5
 1258 0728 EE0F      	1:	lsl r30
 1259 072a FF1F      		rol r31
 1260 072c 7A95      		dec r23
 1261 072e 01F4      		brne 1b
 1262 0730 880F      		lsl r24
 1263 0732 991F      		rol r25
 1264               	.LVL85:
 1265 0734 E80F      		add r30,r24
 1266 0736 F91F      		adc r31,r25
 1267 0738 E050      		subi r30,lo8(-(nrk_task_TCB))
 1268 073a F040      		sbci r31,hi8(-(nrk_task_TCB))
 1269 073c 8689      		ldd r24,Z+22
 1270 073e 9789      		ldd r25,Z+23
 1271 0740 892B      		or r24,r25
 1272 0742 01F4      		brne .L74
 1273               	.L72:
 1274               	.LM185:
 1275 0744 82E0      		ldi r24,lo8(2)
 1276 0746 8187      		std Z+9,r24
 1277               	.LM186:
 1278 0748 8881      		ld r24,Y
 1279 074a 0E94 0000 		call nrk_add_to_readyQ
 1280               	.L74:
 1281 074e 81E0      		ldi r24,lo8(1)
 1282               	.LVL86:
 1283               	.L71:
 1284               	/* epilogue start */
 1285               	.LM187:
 1286 0750 DF91      		pop r29
 1287 0752 CF91      		pop r28
 1288               	.LVL87:
 1289 0754 1F91      		pop r17
 1290 0756 0F91      		pop r16
 1291 0758 FF90      		pop r15
 1292 075a EF90      		pop r14
 1293 075c 0895      		ret
 1294               	.LFE7:
 1296               		.comm systemCeiling,4,1
 1297               		.comm _nrk_signal_list,4,1
 1298               		.comm nrk_idle_task_stk,128,1
 1299               		.comm nrk_kernel_stk_ptr,2,1
 1300               		.comm nrk_task_TCB,170,1
 1301               		.comm nrk_wakeup_signal,1,1
 1302               		.comm _nrk_readyQ,30,1
 1303               		.comm _free_node,2,1
 1304               		.comm _head_node,2,1
 1305               		.comm nrk_cur_task_prio,1,1
 1306               		.comm nrk_cur_task_TCB,2,1
 1307               		.comm nrk_high_ready_prio,1,1
 1308               		.comm nrk_high_ready_TCB,2,1
 1309               		.comm _nrk_resource_cnt,1,1
 1310               		.comm nrk_system_time,8,1
 1311               		.comm _nrk_prev_timer_val,1,1
 1312               		.comm _nrk_time_trigger,1,1
 1313               		.comm app_timer0_callback,2,1
 1314               		.comm app_timer0_prescale,1,1
 1315               		.comm _nrk_cpu_state,1,1
 1316               		.comm next_next_wakeup,2,1
 1317               		.comm error_task,1,1
 1318               		.comm error_num,1,1
 1319               		.comm nrk_sem_list,3,1
 1464               	.Letext0:
DEFINED SYMBOLS
                            *ABS*:00000000 nrk_task.c
C:\cygwin\tmp/ccDICQLe.s:2      *ABS*:0000003f __SREG__
C:\cygwin\tmp/ccDICQLe.s:3      *ABS*:0000003e __SP_H__
C:\cygwin\tmp/ccDICQLe.s:4      *ABS*:0000003d __SP_L__
C:\cygwin\tmp/ccDICQLe.s:5      *ABS*:00000034 __CCP__
C:\cygwin\tmp/ccDICQLe.s:6      *ABS*:00000000 __tmp_reg__
C:\cygwin\tmp/ccDICQLe.s:7      *ABS*:00000001 __zero_reg__
C:\cygwin\tmp/ccDICQLe.s:18     .text:00000000 nrk_get_high_ready_task_ID
                            *COM*:00000002 _head_node
C:\cygwin\tmp/ccDICQLe.s:34     .text:0000000c nrk_print_readyQ
C:\cygwin\tmp/ccDICQLe.s:60     .text:00000022 nrk_rem_from_readyQ
                            *COM*:00000002 _free_node
C:\cygwin\tmp/ccDICQLe.s:182    .text:000000e0 nrk_get_pid
                            *COM*:00000002 nrk_cur_task_TCB
C:\cygwin\tmp/ccDICQLe.s:198    .text:000000ec _nrk_wait_for_scheduler
C:\cygwin\tmp/ccDICQLe.s:219    .text:00000100 nrk_wait
                            *COM*:00000001 _nrk_prev_timer_val
C:\cygwin\tmp/ccDICQLe.s:326    .text:000001ac nrk_wait_until
C:\cygwin\tmp/ccDICQLe.s:423    .text:00000254 nrk_wait_until_nw
C:\cygwin\tmp/ccDICQLe.s:484    .text:000002a0 nrk_set_next_wakeup
C:\cygwin\tmp/ccDICQLe.s:557    .text:0000030c nrk_wait_until_ticks
C:\cygwin\tmp/ccDICQLe.s:624    .text:00000360 nrk_wait_ticks
C:\cygwin\tmp/ccDICQLe.s:701    .text:000003cc nrk_wait_until_next_n_periods
C:\cygwin\tmp/ccDICQLe.s:779    .text:00000430 nrk_wait_until_next_period
C:\cygwin\tmp/ccDICQLe.s:850    .text:0000048e nrk_terminate_task
C:\cygwin\tmp/ccDICQLe.s:875    .text:000004b0 nrk_add_to_readyQ
                            *COM*:000000aa nrk_task_TCB
                            *COM*:00000004 systemCeiling
C:\cygwin\tmp/ccDICQLe.s:1179   .text:000006ae nrk_activate_task
                            *COM*:00000004 _nrk_signal_list
                            *COM*:00000080 nrk_idle_task_stk
                            *COM*:00000002 nrk_kernel_stk_ptr
                            *COM*:00000001 nrk_wakeup_signal
                            *COM*:0000001e _nrk_readyQ
                            *COM*:00000001 nrk_cur_task_prio
                            *COM*:00000001 nrk_high_ready_prio
                            *COM*:00000002 nrk_high_ready_TCB
                            *COM*:00000001 _nrk_resource_cnt
                            *COM*:00000008 nrk_system_time
                            *COM*:00000001 _nrk_time_trigger
                            *COM*:00000002 app_timer0_callback
                            *COM*:00000001 app_timer0_prescale
                            *COM*:00000001 _nrk_cpu_state
                            *COM*:00000002 next_next_wakeup
                            *COM*:00000001 error_task
                            *COM*:00000001 error_num
                            *COM*:00000003 nrk_sem_list

UNDEFINED SYMBOLS
nrk_idle
nrk_stack_check
nrk_int_disable
_nrk_os_timer_get
_nrk_time_to_ticks
_nrk_get_next_wakeup
_nrk_set_next_wakeup
nrk_int_enable
nrk_time_get
nrk_time_sub
system_ceiling
nrk_task_stk_init
nrk_TCB_init
__do_clear_bss
