   1               	# 1 "../../../src/kernel/hal/atmega1281/atmel_hw_specific.S"
   1               	#define __SREG__ 0x3f
   0               	
   0               	
   0               	
   2               	#define __SREG__ 0x3f
   3               	#define __SP_H__ 0x3e
   4               	#define __SP_L__ 0x3d
   5               	
   6               	
   7               	.global nrk_start_high_ready_task 
   8               	
   9               	nrk_start_high_ready_task:
  10:../../../src/kernel/hal/atmega1281/atmel_hw_specific.S **** 
  11:../../../src/kernel/hal/atmega1281/atmel_hw_specific.S **** 	lds r26,nrk_high_ready_TCB		
  12               		lds r27,nrk_high_ready_TCB+1
  13               	
  14               	    	;x points to &OSTCB[x]
  15:../../../src/kernel/hal/atmega1281/atmel_hw_specific.S ****     
  16:../../../src/kernel/hal/atmega1281/atmel_hw_specific.S **** 	ld r28,x+
  17:../../../src/kernel/hal/atmega1281/atmel_hw_specific.S **** 	out __SP_L__, r28
  18:../../../src/kernel/hal/atmega1281/atmel_hw_specific.S **** 	ld r29,x+
  19               		out __SP_H__, r29
  20:../../../src/kernel/hal/atmega1281/atmel_hw_specific.S ****   
  21:../../../src/kernel/hal/atmega1281/atmel_hw_specific.S **** 	pop r31	
  22:../../../src/kernel/hal/atmega1281/atmel_hw_specific.S **** 	pop r30
  23:../../../src/kernel/hal/atmega1281/atmel_hw_specific.S **** 	pop r29
  24:../../../src/kernel/hal/atmega1281/atmel_hw_specific.S **** 	pop r28
  25:../../../src/kernel/hal/atmega1281/atmel_hw_specific.S **** 	pop r27
  26:../../../src/kernel/hal/atmega1281/atmel_hw_specific.S **** 	pop r26
  27:../../../src/kernel/hal/atmega1281/atmel_hw_specific.S **** 	pop r25
  28:../../../src/kernel/hal/atmega1281/atmel_hw_specific.S **** 	pop r24			
  29:../../../src/kernel/hal/atmega1281/atmel_hw_specific.S **** 	pop r23
  30:../../../src/kernel/hal/atmega1281/atmel_hw_specific.S **** 	pop r22
  31:../../../src/kernel/hal/atmega1281/atmel_hw_specific.S **** 	pop r21
  32:../../../src/kernel/hal/atmega1281/atmel_hw_specific.S **** 	pop r20	
  33:../../../src/kernel/hal/atmega1281/atmel_hw_specific.S **** 	pop r19
  34:../../../src/kernel/hal/atmega1281/atmel_hw_specific.S **** 	pop r18	
  35:../../../src/kernel/hal/atmega1281/atmel_hw_specific.S **** 	pop r17
  36:../../../src/kernel/hal/atmega1281/atmel_hw_specific.S **** 	pop r16
  37:../../../src/kernel/hal/atmega1281/atmel_hw_specific.S **** 	pop r15
  38:../../../src/kernel/hal/atmega1281/atmel_hw_specific.S **** 	pop r14
  39:../../../src/kernel/hal/atmega1281/atmel_hw_specific.S **** 	pop r13
  40:../../../src/kernel/hal/atmega1281/atmel_hw_specific.S **** 	pop r12
  41:../../../src/kernel/hal/atmega1281/atmel_hw_specific.S **** 	pop r11
  42:../../../src/kernel/hal/atmega1281/atmel_hw_specific.S **** 	pop r10
  43:../../../src/kernel/hal/atmega1281/atmel_hw_specific.S **** 	pop r9
  44:../../../src/kernel/hal/atmega1281/atmel_hw_specific.S **** 	pop r8
  45:../../../src/kernel/hal/atmega1281/atmel_hw_specific.S **** 	pop r7
  46:../../../src/kernel/hal/atmega1281/atmel_hw_specific.S **** 	pop r6
  47:../../../src/kernel/hal/atmega1281/atmel_hw_specific.S **** 	pop r5
  48:../../../src/kernel/hal/atmega1281/atmel_hw_specific.S **** 	pop r4
  49:../../../src/kernel/hal/atmega1281/atmel_hw_specific.S **** 	pop r3
  50:../../../src/kernel/hal/atmega1281/atmel_hw_specific.S **** 	pop r2
  51:../../../src/kernel/hal/atmega1281/atmel_hw_specific.S **** 	pop r1
  52:../../../src/kernel/hal/atmega1281/atmel_hw_specific.S **** 	pop r0
  53:../../../src/kernel/hal/atmega1281/atmel_hw_specific.S **** 	out __SREG__, r0
  54               		pop r0	
  55:../../../src/kernel/hal/atmega1281/atmel_hw_specific.S **** 	   
DEFINED SYMBOLS
../../../src/kernel/hal/atmega1281/atmel_hw_specific.S:8      .text:00000000 nrk_start_high_ready_task

UNDEFINED SYMBOLS
nrk_high_ready_TCB
